{"/home/casio699/projects/kits-Aio/Kitsaiobusinessterminal/src/App.tsx": {"path":"/home/casio699/projects/kits-Aio/Kitsaiobusinessterminal/src/App.tsx","statementMap":{"0":{"start":{"line":25,"column":18},"end":{"line":25,"column":null}},"1":{"start":{"line":25,"column":29},"end":{"line":25,"column":null}},"2":{"start":{"line":26,"column":18},"end":{"line":26,"column":null}},"3":{"start":{"line":26,"column":29},"end":{"line":26,"column":null}},"4":{"start":{"line":27,"column":12},"end":{"line":27,"column":null}},"5":{"start":{"line":27,"column":23},"end":{"line":27,"column":null}},"6":{"start":{"line":28,"column":18},"end":{"line":28,"column":null}},"7":{"start":{"line":28,"column":29},"end":{"line":28,"column":null}},"8":{"start":{"line":29,"column":18},"end":{"line":29,"column":null}},"9":{"start":{"line":29,"column":29},"end":{"line":29,"column":null}},"10":{"start":{"line":30,"column":16},"end":{"line":30,"column":null}},"11":{"start":{"line":30,"column":27},"end":{"line":30,"column":null}},"12":{"start":{"line":31,"column":24},"end":{"line":31,"column":null}},"13":{"start":{"line":31,"column":35},"end":{"line":31,"column":null}},"14":{"start":{"line":32,"column":23},"end":{"line":32,"column":null}},"15":{"start":{"line":32,"column":34},"end":{"line":32,"column":null}},"16":{"start":{"line":33,"column":20},"end":{"line":33,"column":null}},"17":{"start":{"line":33,"column":31},"end":{"line":33,"column":null}},"18":{"start":{"line":34,"column":20},"end":{"line":34,"column":null}},"19":{"start":{"line":34,"column":31},"end":{"line":34,"column":null}},"20":{"start":{"line":37,"column":22},"end":{"line":37,"column":null}},"21":{"start":{"line":37,"column":33},"end":{"line":37,"column":null}},"22":{"start":{"line":38,"column":27},"end":{"line":38,"column":null}},"23":{"start":{"line":38,"column":38},"end":{"line":38,"column":null}},"24":{"start":{"line":39,"column":32},"end":{"line":39,"column":null}},"25":{"start":{"line":39,"column":43},"end":{"line":39,"column":null}},"26":{"start":{"line":40,"column":32},"end":{"line":40,"column":null}},"27":{"start":{"line":40,"column":43},"end":{"line":40,"column":null}},"28":{"start":{"line":41,"column":31},"end":{"line":41,"column":null}},"29":{"start":{"line":41,"column":42},"end":{"line":41,"column":null}},"30":{"start":{"line":44,"column":26},"end":{"line":44,"column":null}},"31":{"start":{"line":44,"column":37},"end":{"line":44,"column":null}},"32":{"start":{"line":45,"column":22},"end":{"line":45,"column":null}},"33":{"start":{"line":45,"column":33},"end":{"line":45,"column":null}},"34":{"start":{"line":46,"column":20},"end":{"line":46,"column":null}},"35":{"start":{"line":46,"column":31},"end":{"line":46,"column":null}},"36":{"start":{"line":49,"column":37},"end":{"line":49,"column":null}},"37":{"start":{"line":49,"column":48},"end":{"line":49,"column":null}},"38":{"start":{"line":50,"column":20},"end":{"line":50,"column":null}},"39":{"start":{"line":50,"column":31},"end":{"line":50,"column":null}},"40":{"start":{"line":51,"column":33},"end":{"line":51,"column":null}},"41":{"start":{"line":51,"column":44},"end":{"line":51,"column":null}},"42":{"start":{"line":54,"column":21},"end":{"line":54,"column":null}},"43":{"start":{"line":54,"column":32},"end":{"line":54,"column":null}},"44":{"start":{"line":55,"column":29},"end":{"line":55,"column":null}},"45":{"start":{"line":55,"column":40},"end":{"line":55,"column":null}},"46":{"start":{"line":56,"column":27},"end":{"line":56,"column":null}},"47":{"start":{"line":56,"column":38},"end":{"line":56,"column":null}},"48":{"start":{"line":57,"column":27},"end":{"line":57,"column":null}},"49":{"start":{"line":57,"column":38},"end":{"line":57,"column":null}},"50":{"start":{"line":60,"column":28},"end":{"line":60,"column":null}},"51":{"start":{"line":60,"column":39},"end":{"line":60,"column":null}},"52":{"start":{"line":61,"column":35},"end":{"line":61,"column":null}},"53":{"start":{"line":61,"column":46},"end":{"line":61,"column":null}},"54":{"start":{"line":62,"column":27},"end":{"line":62,"column":null}},"55":{"start":{"line":62,"column":38},"end":{"line":62,"column":null}},"56":{"start":{"line":63,"column":29},"end":{"line":63,"column":null}},"57":{"start":{"line":63,"column":40},"end":{"line":63,"column":null}},"58":{"start":{"line":64,"column":23},"end":{"line":64,"column":null}},"59":{"start":{"line":64,"column":34},"end":{"line":64,"column":null}},"60":{"start":{"line":68,"column":8},"end":{"line":68,"column":null}},"61":{"start":{"line":71,"column":2},"end":{"line":79,"column":null}},"62":{"start":{"line":72,"column":4},"end":{"line":76,"column":null}},"63":{"start":{"line":81,"column":2},"end":{"line":81,"column":null}},"64":{"start":{"line":85,"column":26},"end":{"line":85,"column":null}},"65":{"start":{"line":86,"column":18},"end":{"line":86,"column":null}},"66":{"start":{"line":88,"column":2},"end":{"line":119,"column":null}},"67":{"start":{"line":90,"column":4},"end":{"line":97,"column":null}},"68":{"start":{"line":91,"column":6},"end":{"line":96,"column":null}},"69":{"start":{"line":100,"column":4},"end":{"line":100,"column":null}},"70":{"start":{"line":103,"column":39},"end":{"line":116,"column":null}},"71":{"start":{"line":104,"column":6},"end":{"line":104,"column":null}},"72":{"start":{"line":107,"column":6},"end":{"line":115,"column":null}},"73":{"start":{"line":108,"column":8},"end":{"line":112,"column":null}},"74":{"start":{"line":114,"column":8},"end":{"line":114,"column":null}},"75":{"start":{"line":118,"column":4},"end":{"line":118,"column":null}},"76":{"start":{"line":118,"column":17},"end":{"line":118,"column":null}},"77":{"start":{"line":121,"column":23},"end":{"line":130,"column":null}},"78":{"start":{"line":122,"column":4},"end":{"line":129,"column":null}},"79":{"start":{"line":123,"column":36},"end":{"line":123,"column":null}},"80":{"start":{"line":124,"column":6},"end":{"line":124,"column":null}},"81":{"start":{"line":126,"column":6},"end":{"line":126,"column":null}},"82":{"start":{"line":128,"column":6},"end":{"line":128,"column":null}},"83":{"start":{"line":132,"column":2},"end":{"line":134,"column":null}},"84":{"start":{"line":133,"column":4},"end":{"line":133,"column":null}},"85":{"start":{"line":136,"column":2},"end":{"line":333,"column":null}}},"fnMap":{"0":{"name":"(anonymous_0)","decl":{"start":{"line":25,"column":23},"end":{"line":25,"column":29}},"loc":{"start":{"line":25,"column":29},"end":{"line":25,"column":null}},"line":25},"1":{"name":"(anonymous_1)","decl":{"start":{"line":26,"column":23},"end":{"line":26,"column":29}},"loc":{"start":{"line":26,"column":29},"end":{"line":26,"column":null}},"line":26},"2":{"name":"(anonymous_2)","decl":{"start":{"line":27,"column":17},"end":{"line":27,"column":23}},"loc":{"start":{"line":27,"column":23},"end":{"line":27,"column":null}},"line":27},"3":{"name":"(anonymous_3)","decl":{"start":{"line":28,"column":23},"end":{"line":28,"column":29}},"loc":{"start":{"line":28,"column":29},"end":{"line":28,"column":null}},"line":28},"4":{"name":"(anonymous_4)","decl":{"start":{"line":29,"column":23},"end":{"line":29,"column":29}},"loc":{"start":{"line":29,"column":29},"end":{"line":29,"column":null}},"line":29},"5":{"name":"(anonymous_5)","decl":{"start":{"line":30,"column":21},"end":{"line":30,"column":27}},"loc":{"start":{"line":30,"column":27},"end":{"line":30,"column":null}},"line":30},"6":{"name":"(anonymous_6)","decl":{"start":{"line":31,"column":29},"end":{"line":31,"column":35}},"loc":{"start":{"line":31,"column":35},"end":{"line":31,"column":null}},"line":31},"7":{"name":"(anonymous_7)","decl":{"start":{"line":32,"column":28},"end":{"line":32,"column":34}},"loc":{"start":{"line":32,"column":34},"end":{"line":32,"column":null}},"line":32},"8":{"name":"(anonymous_8)","decl":{"start":{"line":33,"column":25},"end":{"line":33,"column":31}},"loc":{"start":{"line":33,"column":31},"end":{"line":33,"column":null}},"line":33},"9":{"name":"(anonymous_9)","decl":{"start":{"line":34,"column":25},"end":{"line":34,"column":31}},"loc":{"start":{"line":34,"column":31},"end":{"line":34,"column":null}},"line":34},"10":{"name":"(anonymous_10)","decl":{"start":{"line":37,"column":27},"end":{"line":37,"column":33}},"loc":{"start":{"line":37,"column":33},"end":{"line":37,"column":null}},"line":37},"11":{"name":"(anonymous_11)","decl":{"start":{"line":38,"column":32},"end":{"line":38,"column":38}},"loc":{"start":{"line":38,"column":38},"end":{"line":38,"column":null}},"line":38},"12":{"name":"(anonymous_12)","decl":{"start":{"line":39,"column":37},"end":{"line":39,"column":43}},"loc":{"start":{"line":39,"column":43},"end":{"line":39,"column":null}},"line":39},"13":{"name":"(anonymous_13)","decl":{"start":{"line":40,"column":37},"end":{"line":40,"column":43}},"loc":{"start":{"line":40,"column":43},"end":{"line":40,"column":null}},"line":40},"14":{"name":"(anonymous_14)","decl":{"start":{"line":41,"column":36},"end":{"line":41,"column":42}},"loc":{"start":{"line":41,"column":42},"end":{"line":41,"column":null}},"line":41},"15":{"name":"(anonymous_15)","decl":{"start":{"line":44,"column":31},"end":{"line":44,"column":37}},"loc":{"start":{"line":44,"column":37},"end":{"line":44,"column":null}},"line":44},"16":{"name":"(anonymous_16)","decl":{"start":{"line":45,"column":27},"end":{"line":45,"column":33}},"loc":{"start":{"line":45,"column":33},"end":{"line":45,"column":null}},"line":45},"17":{"name":"(anonymous_17)","decl":{"start":{"line":46,"column":25},"end":{"line":46,"column":31}},"loc":{"start":{"line":46,"column":31},"end":{"line":46,"column":null}},"line":46},"18":{"name":"(anonymous_18)","decl":{"start":{"line":49,"column":42},"end":{"line":49,"column":48}},"loc":{"start":{"line":49,"column":48},"end":{"line":49,"column":null}},"line":49},"19":{"name":"(anonymous_19)","decl":{"start":{"line":50,"column":25},"end":{"line":50,"column":31}},"loc":{"start":{"line":50,"column":31},"end":{"line":50,"column":null}},"line":50},"20":{"name":"(anonymous_20)","decl":{"start":{"line":51,"column":38},"end":{"line":51,"column":44}},"loc":{"start":{"line":51,"column":44},"end":{"line":51,"column":null}},"line":51},"21":{"name":"(anonymous_21)","decl":{"start":{"line":54,"column":26},"end":{"line":54,"column":32}},"loc":{"start":{"line":54,"column":32},"end":{"line":54,"column":null}},"line":54},"22":{"name":"(anonymous_22)","decl":{"start":{"line":55,"column":34},"end":{"line":55,"column":40}},"loc":{"start":{"line":55,"column":40},"end":{"line":55,"column":null}},"line":55},"23":{"name":"(anonymous_23)","decl":{"start":{"line":56,"column":32},"end":{"line":56,"column":38}},"loc":{"start":{"line":56,"column":38},"end":{"line":56,"column":null}},"line":56},"24":{"name":"(anonymous_24)","decl":{"start":{"line":57,"column":32},"end":{"line":57,"column":38}},"loc":{"start":{"line":57,"column":38},"end":{"line":57,"column":null}},"line":57},"25":{"name":"(anonymous_25)","decl":{"start":{"line":60,"column":33},"end":{"line":60,"column":39}},"loc":{"start":{"line":60,"column":39},"end":{"line":60,"column":null}},"line":60},"26":{"name":"(anonymous_26)","decl":{"start":{"line":61,"column":40},"end":{"line":61,"column":46}},"loc":{"start":{"line":61,"column":46},"end":{"line":61,"column":null}},"line":61},"27":{"name":"(anonymous_27)","decl":{"start":{"line":62,"column":32},"end":{"line":62,"column":38}},"loc":{"start":{"line":62,"column":38},"end":{"line":62,"column":null}},"line":62},"28":{"name":"(anonymous_28)","decl":{"start":{"line":63,"column":34},"end":{"line":63,"column":40}},"loc":{"start":{"line":63,"column":40},"end":{"line":63,"column":null}},"line":63},"29":{"name":"(anonymous_29)","decl":{"start":{"line":64,"column":28},"end":{"line":64,"column":34}},"loc":{"start":{"line":64,"column":34},"end":{"line":64,"column":null}},"line":64},"30":{"name":"MobileComponents","decl":{"start":{"line":67,"column":9},"end":{"line":67,"column":26}},"loc":{"start":{"line":67,"column":102},"end":{"line":82,"column":null}},"line":67},"31":{"name":"App","decl":{"start":{"line":84,"column":24},"end":{"line":84,"column":null}},"loc":{"start":{"line":84,"column":24},"end":{"line":343,"column":null}},"line":84},"32":{"name":"(anonymous_32)","decl":{"start":{"line":88,"column":12},"end":{"line":88,"column":null}},"loc":{"start":{"line":88,"column":12},"end":{"line":119,"column":5}},"line":88},"33":{"name":"(anonymous_33)","decl":{"start":{"line":103,"column":71},"end":{"line":103,"column":72}},"loc":{"start":{"line":103,"column":80},"end":{"line":116,"column":null}},"line":103},"34":{"name":"(anonymous_34)","decl":{"start":{"line":118,"column":11},"end":{"line":118,"column":17}},"loc":{"start":{"line":118,"column":17},"end":{"line":118,"column":null}},"line":118},"35":{"name":"(anonymous_35)","decl":{"start":{"line":121,"column":23},"end":{"line":121,"column":null}},"loc":{"start":{"line":121,"column":23},"end":{"line":130,"column":null}},"line":121}},"branchMap":{"0":{"loc":{"start":{"line":71,"column":2},"end":{"line":79,"column":null}},"type":"if","locations":[{"start":{"line":71,"column":2},"end":{"line":79,"column":null}},{"start":{},"end":{}}],"line":71},"1":{"loc":{"start":{"line":71,"column":6},"end":{"line":71,"column":99}},"type":"binary-expr","locations":[{"start":{"line":71,"column":6},"end":{"line":71,"column":18}},{"start":{"line":71,"column":18},"end":{"line":71,"column":37}},{"start":{"line":71,"column":37},"end":{"line":71,"column":99}}],"line":71},"2":{"loc":{"start":{"line":90,"column":4},"end":{"line":97,"column":null}},"type":"if","locations":[{"start":{"line":90,"column":4},"end":{"line":97,"column":null}},{"start":{},"end":{}}],"line":90},"3":{"loc":{"start":{"line":90,"column":8},"end":{"line":90,"column":82}},"type":"binary-expr","locations":[{"start":{"line":90,"column":8},"end":{"line":90,"column":49}},{"start":{"line":90,"column":49},"end":{"line":90,"column":82}}],"line":90},"4":{"loc":{"start":{"line":93,"column":21},"end":{"line":93,"column":null}},"type":"binary-expr","locations":[{"start":{"line":93,"column":21},"end":{"line":93,"column":45}},{"start":{"line":93,"column":45},"end":{"line":93,"column":null}}],"line":93},"5":{"loc":{"start":{"line":94,"column":17},"end":{"line":94,"column":null}},"type":"binary-expr","locations":[{"start":{"line":94,"column":17},"end":{"line":94,"column":53}},{"start":{"line":94,"column":53},"end":{"line":94,"column":null}}],"line":94},"6":{"loc":{"start":{"line":107,"column":6},"end":{"line":115,"column":null}},"type":"if","locations":[{"start":{"line":107,"column":6},"end":{"line":115,"column":null}},{"start":{"line":113,"column":13},"end":{"line":115,"column":null}}],"line":107},"7":{"loc":{"start":{"line":111,"column":20},"end":{"line":111,"column":null}},"type":"binary-expr","locations":[{"start":{"line":111,"column":20},"end":{"line":111,"column":56}},{"start":{"line":111,"column":56},"end":{"line":111,"column":null}}],"line":111},"8":{"loc":{"start":{"line":132,"column":2},"end":{"line":134,"column":null}},"type":"if","locations":[{"start":{"line":132,"column":2},"end":{"line":134,"column":null}},{"start":{},"end":{}}],"line":132},"9":{"loc":{"start":{"line":152,"column":24},"end":{"line":154,"column":null}},"type":"cond-expr","locations":[{"start":{"line":153,"column":24},"end":{"line":154,"column":25}},{"start":{"line":154,"column":24},"end":{"line":154,"column":null}}],"line":152},"10":{"loc":{"start":{"line":160,"column":24},"end":{"line":162,"column":null}},"type":"cond-expr","locations":[{"start":{"line":161,"column":24},"end":{"line":162,"column":25}},{"start":{"line":162,"column":24},"end":{"line":162,"column":null}}],"line":160},"11":{"loc":{"start":{"line":168,"column":24},"end":{"line":170,"column":null}},"type":"cond-expr","locations":[{"start":{"line":169,"column":24},"end":{"line":170,"column":25}},{"start":{"line":170,"column":24},"end":{"line":170,"column":null}}],"line":168},"12":{"loc":{"start":{"line":176,"column":24},"end":{"line":178,"column":null}},"type":"cond-expr","locations":[{"start":{"line":177,"column":24},"end":{"line":178,"column":25}},{"start":{"line":178,"column":24},"end":{"line":178,"column":null}}],"line":176},"13":{"loc":{"start":{"line":184,"column":24},"end":{"line":186,"column":null}},"type":"cond-expr","locations":[{"start":{"line":185,"column":24},"end":{"line":186,"column":25}},{"start":{"line":186,"column":24},"end":{"line":186,"column":null}}],"line":184},"14":{"loc":{"start":{"line":192,"column":24},"end":{"line":194,"column":null}},"type":"cond-expr","locations":[{"start":{"line":193,"column":24},"end":{"line":194,"column":25}},{"start":{"line":194,"column":24},"end":{"line":194,"column":null}}],"line":192},"15":{"loc":{"start":{"line":200,"column":24},"end":{"line":202,"column":null}},"type":"cond-expr","locations":[{"start":{"line":201,"column":24},"end":{"line":202,"column":25}},{"start":{"line":202,"column":24},"end":{"line":202,"column":null}}],"line":200},"16":{"loc":{"start":{"line":208,"column":24},"end":{"line":210,"column":null}},"type":"cond-expr","locations":[{"start":{"line":209,"column":24},"end":{"line":210,"column":25}},{"start":{"line":210,"column":24},"end":{"line":210,"column":null}}],"line":208},"17":{"loc":{"start":{"line":216,"column":24},"end":{"line":218,"column":null}},"type":"cond-expr","locations":[{"start":{"line":217,"column":24},"end":{"line":218,"column":25}},{"start":{"line":218,"column":24},"end":{"line":218,"column":null}}],"line":216},"18":{"loc":{"start":{"line":224,"column":24},"end":{"line":226,"column":null}},"type":"cond-expr","locations":[{"start":{"line":225,"column":24},"end":{"line":226,"column":25}},{"start":{"line":226,"column":24},"end":{"line":226,"column":null}}],"line":224},"19":{"loc":{"start":{"line":232,"column":24},"end":{"line":234,"column":null}},"type":"cond-expr","locations":[{"start":{"line":233,"column":24},"end":{"line":234,"column":25}},{"start":{"line":234,"column":24},"end":{"line":234,"column":null}}],"line":232},"20":{"loc":{"start":{"line":240,"column":24},"end":{"line":242,"column":null}},"type":"cond-expr","locations":[{"start":{"line":241,"column":24},"end":{"line":242,"column":25}},{"start":{"line":242,"column":24},"end":{"line":242,"column":null}}],"line":240},"21":{"loc":{"start":{"line":248,"column":24},"end":{"line":250,"column":null}},"type":"cond-expr","locations":[{"start":{"line":249,"column":24},"end":{"line":250,"column":25}},{"start":{"line":250,"column":24},"end":{"line":250,"column":null}}],"line":248},"22":{"loc":{"start":{"line":256,"column":24},"end":{"line":258,"column":null}},"type":"cond-expr","locations":[{"start":{"line":257,"column":24},"end":{"line":258,"column":25}},{"start":{"line":258,"column":24},"end":{"line":258,"column":null}}],"line":256},"23":{"loc":{"start":{"line":264,"column":24},"end":{"line":266,"column":null}},"type":"cond-expr","locations":[{"start":{"line":265,"column":24},"end":{"line":266,"column":25}},{"start":{"line":266,"column":24},"end":{"line":266,"column":null}}],"line":264},"24":{"loc":{"start":{"line":272,"column":24},"end":{"line":274,"column":null}},"type":"cond-expr","locations":[{"start":{"line":273,"column":24},"end":{"line":274,"column":25}},{"start":{"line":274,"column":24},"end":{"line":274,"column":null}}],"line":272},"25":{"loc":{"start":{"line":280,"column":24},"end":{"line":282,"column":null}},"type":"cond-expr","locations":[{"start":{"line":281,"column":24},"end":{"line":282,"column":25}},{"start":{"line":282,"column":24},"end":{"line":282,"column":null}}],"line":280},"26":{"loc":{"start":{"line":288,"column":24},"end":{"line":290,"column":null}},"type":"cond-expr","locations":[{"start":{"line":289,"column":24},"end":{"line":290,"column":25}},{"start":{"line":290,"column":24},"end":{"line":290,"column":null}}],"line":288},"27":{"loc":{"start":{"line":296,"column":24},"end":{"line":298,"column":null}},"type":"cond-expr","locations":[{"start":{"line":297,"column":24},"end":{"line":298,"column":25}},{"start":{"line":298,"column":24},"end":{"line":298,"column":null}}],"line":296},"28":{"loc":{"start":{"line":304,"column":24},"end":{"line":306,"column":null}},"type":"cond-expr","locations":[{"start":{"line":305,"column":24},"end":{"line":306,"column":25}},{"start":{"line":306,"column":24},"end":{"line":306,"column":null}}],"line":304},"29":{"loc":{"start":{"line":312,"column":24},"end":{"line":314,"column":null}},"type":"cond-expr","locations":[{"start":{"line":313,"column":24},"end":{"line":314,"column":25}},{"start":{"line":314,"column":24},"end":{"line":314,"column":null}}],"line":312},"30":{"loc":{"start":{"line":321,"column":24},"end":{"line":321,"column":null}},"type":"cond-expr","locations":[{"start":{"line":321,"column":42},"end":{"line":321,"column":82}},{"start":{"line":321,"column":81},"end":{"line":321,"column":null}}],"line":321}},"s":{"0":1,"1":0,"2":1,"3":0,"4":1,"5":0,"6":1,"7":0,"8":1,"9":0,"10":1,"11":0,"12":1,"13":0,"14":1,"15":0,"16":1,"17":0,"18":1,"19":0,"20":1,"21":0,"22":1,"23":0,"24":1,"25":0,"26":1,"27":0,"28":1,"29":0,"30":1,"31":0,"32":1,"33":0,"34":1,"35":0,"36":1,"37":0,"38":1,"39":0,"40":1,"41":0,"42":1,"43":0,"44":1,"45":0,"46":1,"47":0,"48":1,"49":0,"50":1,"51":0,"52":1,"53":0,"54":1,"55":0,"56":1,"57":0,"58":1,"59":0,"60":0,"61":0,"62":0,"63":0,"64":10,"65":10,"66":10,"67":9,"68":1,"69":9,"70":9,"71":0,"72":0,"73":0,"74":0,"75":9,"76":9,"77":10,"78":9,"79":9,"80":9,"81":0,"82":9,"83":10,"84":9,"85":0},"f":{"0":0,"1":0,"2":0,"3":0,"4":0,"5":0,"6":0,"7":0,"8":0,"9":0,"10":0,"11":0,"12":0,"13":0,"14":0,"15":0,"16":0,"17":0,"18":0,"19":0,"20":0,"21":0,"22":0,"23":0,"24":0,"25":0,"26":0,"27":0,"28":0,"29":0,"30":0,"31":10,"32":9,"33":0,"34":9,"35":9},"b":{"0":[0,0],"1":[0,0,0],"2":[1,8],"3":[9,1],"4":[1,0],"5":[1,0],"6":[0,0],"7":[0,0],"8":[9,1],"9":[0,0],"10":[0,0],"11":[0,0],"12":[0,0],"13":[0,0],"14":[0,0],"15":[0,0],"16":[0,0],"17":[0,0],"18":[0,0],"19":[0,0],"20":[0,0],"21":[0,0],"22":[0,0],"23":[0,0],"24":[0,0],"25":[0,0],"26":[0,0],"27":[0,0],"28":[0,0],"29":[0,0],"30":[0,0]},"meta":{"lastBranch":31,"lastFunction":36,"lastStatement":86,"seen":{"s:25:18:25:Infinity":0,"f:25:23:25:29":0,"s:25:29:25:Infinity":1,"s:26:18:26:Infinity":2,"f:26:23:26:29":1,"s:26:29:26:Infinity":3,"s:27:12:27:Infinity":4,"f:27:17:27:23":2,"s:27:23:27:Infinity":5,"s:28:18:28:Infinity":6,"f:28:23:28:29":3,"s:28:29:28:Infinity":7,"s:29:18:29:Infinity":8,"f:29:23:29:29":4,"s:29:29:29:Infinity":9,"s:30:16:30:Infinity":10,"f:30:21:30:27":5,"s:30:27:30:Infinity":11,"s:31:24:31:Infinity":12,"f:31:29:31:35":6,"s:31:35:31:Infinity":13,"s:32:23:32:Infinity":14,"f:32:28:32:34":7,"s:32:34:32:Infinity":15,"s:33:20:33:Infinity":16,"f:33:25:33:31":8,"s:33:31:33:Infinity":17,"s:34:20:34:Infinity":18,"f:34:25:34:31":9,"s:34:31:34:Infinity":19,"s:37:22:37:Infinity":20,"f:37:27:37:33":10,"s:37:33:37:Infinity":21,"s:38:27:38:Infinity":22,"f:38:32:38:38":11,"s:38:38:38:Infinity":23,"s:39:32:39:Infinity":24,"f:39:37:39:43":12,"s:39:43:39:Infinity":25,"s:40:32:40:Infinity":26,"f:40:37:40:43":13,"s:40:43:40:Infinity":27,"s:41:31:41:Infinity":28,"f:41:36:41:42":14,"s:41:42:41:Infinity":29,"s:44:26:44:Infinity":30,"f:44:31:44:37":15,"s:44:37:44:Infinity":31,"s:45:22:45:Infinity":32,"f:45:27:45:33":16,"s:45:33:45:Infinity":33,"s:46:20:46:Infinity":34,"f:46:25:46:31":17,"s:46:31:46:Infinity":35,"s:49:37:49:Infinity":36,"f:49:42:49:48":18,"s:49:48:49:Infinity":37,"s:50:20:50:Infinity":38,"f:50:25:50:31":19,"s:50:31:50:Infinity":39,"s:51:33:51:Infinity":40,"f:51:38:51:44":20,"s:51:44:51:Infinity":41,"s:54:21:54:Infinity":42,"f:54:26:54:32":21,"s:54:32:54:Infinity":43,"s:55:29:55:Infinity":44,"f:55:34:55:40":22,"s:55:40:55:Infinity":45,"s:56:27:56:Infinity":46,"f:56:32:56:38":23,"s:56:38:56:Infinity":47,"s:57:27:57:Infinity":48,"f:57:32:57:38":24,"s:57:38:57:Infinity":49,"s:60:28:60:Infinity":50,"f:60:33:60:39":25,"s:60:39:60:Infinity":51,"s:61:35:61:Infinity":52,"f:61:40:61:46":26,"s:61:46:61:Infinity":53,"s:62:27:62:Infinity":54,"f:62:32:62:38":27,"s:62:38:62:Infinity":55,"s:63:29:63:Infinity":56,"f:63:34:63:40":28,"s:63:40:63:Infinity":57,"s:64:23:64:Infinity":58,"f:64:28:64:34":29,"s:64:34:64:Infinity":59,"f:67:9:67:26":30,"s:68:8:68:Infinity":60,"b:71:2:79:Infinity:undefined:undefined:undefined:undefined":0,"s:71:2:79:Infinity":61,"b:71:6:71:18:71:18:71:37:71:37:71:99":1,"s:72:4:76:Infinity":62,"s:81:2:81:Infinity":63,"f:84:24:84:Infinity":31,"s:85:26:85:Infinity":64,"s:86:18:86:Infinity":65,"s:88:2:119:Infinity":66,"f:88:12:88:Infinity":32,"b:90:4:97:Infinity:undefined:undefined:undefined:undefined":2,"s:90:4:97:Infinity":67,"b:90:8:90:49:90:49:90:82":3,"s:91:6:96:Infinity":68,"b:93:21:93:45:93:45:93:Infinity":4,"b:94:17:94:53:94:53:94:Infinity":5,"s:100:4:100:Infinity":69,"s:103:39:116:Infinity":70,"f:103:71:103:72":33,"s:104:6:104:Infinity":71,"b:107:6:115:Infinity:113:13:115:Infinity":6,"s:107:6:115:Infinity":72,"s:108:8:112:Infinity":73,"b:111:20:111:56:111:56:111:Infinity":7,"s:114:8:114:Infinity":74,"s:118:4:118:Infinity":75,"f:118:11:118:17":34,"s:118:17:118:Infinity":76,"s:121:23:130:Infinity":77,"f:121:23:121:Infinity":35,"s:122:4:129:Infinity":78,"s:123:36:123:Infinity":79,"s:124:6:124:Infinity":80,"s:126:6:126:Infinity":81,"s:128:6:128:Infinity":82,"b:132:2:134:Infinity:undefined:undefined:undefined:undefined":8,"s:132:2:134:Infinity":83,"s:133:4:133:Infinity":84,"s:136:2:333:Infinity":85,"b:153:24:154:25:154:24:154:Infinity":9,"b:161:24:162:25:162:24:162:Infinity":10,"b:169:24:170:25:170:24:170:Infinity":11,"b:177:24:178:25:178:24:178:Infinity":12,"b:185:24:186:25:186:24:186:Infinity":13,"b:193:24:194:25:194:24:194:Infinity":14,"b:201:24:202:25:202:24:202:Infinity":15,"b:209:24:210:25:210:24:210:Infinity":16,"b:217:24:218:25:218:24:218:Infinity":17,"b:225:24:226:25:226:24:226:Infinity":18,"b:233:24:234:25:234:24:234:Infinity":19,"b:241:24:242:25:242:24:242:Infinity":20,"b:249:24:250:25:250:24:250:Infinity":21,"b:257:24:258:25:258:24:258:Infinity":22,"b:265:24:266:25:266:24:266:Infinity":23,"b:273:24:274:25:274:24:274:Infinity":24,"b:281:24:282:25:282:24:282:Infinity":25,"b:289:24:290:25:290:24:290:Infinity":26,"b:297:24:298:25:298:24:298:Infinity":27,"b:305:24:306:25:306:24:306:Infinity":28,"b:313:24:314:25:314:24:314:Infinity":29,"b:321:42:321:82:321:81:321:Infinity":30}}}
,"/home/casio699/projects/kits-Aio/Kitsaiobusinessterminal/src/components/AccessibilityAudit.tsx": {"path":"/home/casio699/projects/kits-Aio/Kitsaiobusinessterminal/src/components/AccessibilityAudit.tsx","statementMap":{"0":{"start":{"line":16,"column":39},"end":{"line":16,"column":null}},"1":{"start":{"line":17,"column":33},"end":{"line":17,"column":null}},"2":{"start":{"line":18,"column":37},"end":{"line":18,"column":null}},"3":{"start":{"line":19,"column":33},"end":{"line":19,"column":null}},"4":{"start":{"line":20,"column":33},"end":{"line":20,"column":null}},"5":{"start":{"line":22,"column":19},"end":{"line":141,"column":null}},"6":{"start":{"line":23,"column":4},"end":{"line":23,"column":null}},"7":{"start":{"line":24,"column":35},"end":{"line":24,"column":37}},"8":{"start":{"line":27,"column":27},"end":{"line":58,"column":null}},"9":{"start":{"line":46,"column":25},"end":{"line":46,"column":null}},"10":{"start":{"line":47,"column":10},"end":{"line":47,"column":null}},"11":{"start":{"line":47,"column":35},"end":{"line":47,"column":null}},"12":{"start":{"line":50,"column":10},"end":{"line":54,"column":null}},"13":{"start":{"line":51,"column":41},"end":{"line":51,"column":null}},"14":{"start":{"line":52,"column":33},"end":{"line":52,"column":null}},"15":{"start":{"line":53,"column":12},"end":{"line":53,"column":null}},"16":{"start":{"line":61,"column":31},"end":{"line":82,"column":null}},"17":{"start":{"line":85,"column":25},"end":{"line":111,"column":null}},"18":{"start":{"line":114,"column":24},"end":{"line":130,"column":null}},"19":{"start":{"line":132,"column":4},"end":{"line":136,"column":null}},"20":{"start":{"line":139,"column":4},"end":{"line":139,"column":null}},"21":{"start":{"line":140,"column":4},"end":{"line":140,"column":null}},"22":{"start":{"line":143,"column":2},"end":{"line":145,"column":null}},"23":{"start":{"line":144,"column":4},"end":{"line":144,"column":null}},"24":{"start":{"line":147,"column":26},"end":{"line":153,"column":null}},"25":{"start":{"line":148,"column":24},"end":{"line":148,"column":null}},"26":{"start":{"line":148,"column":58},"end":{"line":148,"column":81}},"27":{"start":{"line":149,"column":25},"end":{"line":150,"column":null}},"28":{"start":{"line":150,"column":6},"end":{"line":150,"column":59}},"29":{"start":{"line":150,"column":39},"end":{"line":150,"column":51}},"30":{"start":{"line":152,"column":4},"end":{"line":152,"column":null}},"31":{"start":{"line":155,"column":24},"end":{"line":159,"column":null}},"32":{"start":{"line":156,"column":4},"end":{"line":156,"column":null}},"33":{"start":{"line":156,"column":21},"end":{"line":156,"column":null}},"34":{"start":{"line":157,"column":4},"end":{"line":157,"column":null}},"35":{"start":{"line":157,"column":21},"end":{"line":157,"column":null}},"36":{"start":{"line":158,"column":4},"end":{"line":158,"column":null}},"37":{"start":{"line":161,"column":2},"end":{"line":174,"column":null}},"38":{"start":{"line":162,"column":4},"end":{"line":170,"column":null}},"39":{"start":{"line":165,"column":25},"end":{"line":165,"column":null}},"40":{"start":{"line":176,"column":2},"end":{"line":287,"column":null}},"41":{"start":{"line":186,"column":25},"end":{"line":186,"column":null}},"42":{"start":{"line":213,"column":27},"end":{"line":213,"column":null}},"43":{"start":{"line":219,"column":27},"end":{"line":219,"column":null}},"44":{"start":{"line":229,"column":39},"end":{"line":230,"column":32}},"45":{"start":{"line":233,"column":45},"end":{"line":234,"column":40}},"46":{"start":{"line":267,"column":23},"end":{"line":267,"column":null}}},"fnMap":{"0":{"name":"AccessibilityAudit","decl":{"start":{"line":15,"column":24},"end":{"line":15,"column":null}},"loc":{"start":{"line":15,"column":24},"end":{"line":294,"column":null}},"line":15},"1":{"name":"(anonymous_1)","decl":{"start":{"line":22,"column":19},"end":{"line":22,"column":null}},"loc":{"start":{"line":22,"column":19},"end":{"line":141,"column":null}},"line":22},"2":{"name":"(anonymous_2)","decl":{"start":{"line":45,"column":17},"end":{"line":45,"column":null}},"loc":{"start":{"line":45,"column":17},"end":{"line":55,"column":null}},"line":45},"3":{"name":"(anonymous_3)","decl":{"start":{"line":50,"column":41},"end":{"line":50,"column":null}},"loc":{"start":{"line":50,"column":41},"end":{"line":54,"column":null}},"line":50},"4":{"name":"(anonymous_4)","decl":{"start":{"line":143,"column":12},"end":{"line":143,"column":null}},"loc":{"start":{"line":143,"column":12},"end":{"line":145,"column":5}},"line":143},"5":{"name":"(anonymous_5)","decl":{"start":{"line":147,"column":26},"end":{"line":147,"column":null}},"loc":{"start":{"line":147,"column":26},"end":{"line":153,"column":null}},"line":147},"6":{"name":"(anonymous_6)","decl":{"start":{"line":148,"column":44},"end":{"line":148,"column":45}},"loc":{"start":{"line":148,"column":58},"end":{"line":148,"column":81}},"line":148},"7":{"name":"(anonymous_7)","decl":{"start":{"line":149,"column":45},"end":{"line":149,"column":46}},"loc":{"start":{"line":150,"column":6},"end":{"line":150,"column":59}},"line":150},"8":{"name":"(anonymous_8)","decl":{"start":{"line":150,"column":30},"end":{"line":150,"column":39}},"loc":{"start":{"line":150,"column":39},"end":{"line":150,"column":51}},"line":150},"9":{"name":"(anonymous_9)","decl":{"start":{"line":155,"column":24},"end":{"line":155,"column":25}},"loc":{"start":{"line":155,"column":25},"end":{"line":159,"column":null}},"line":155},"10":{"name":"(anonymous_10)","decl":{"start":{"line":165,"column":19},"end":{"line":165,"column":25}},"loc":{"start":{"line":165,"column":25},"end":{"line":165,"column":null}},"line":165},"11":{"name":"(anonymous_11)","decl":{"start":{"line":186,"column":19},"end":{"line":186,"column":25}},"loc":{"start":{"line":186,"column":25},"end":{"line":186,"column":null}},"line":186},"12":{"name":"(anonymous_12)","decl":{"start":{"line":213,"column":21},"end":{"line":213,"column":27}},"loc":{"start":{"line":213,"column":27},"end":{"line":213,"column":null}},"line":213},"13":{"name":"(anonymous_13)","decl":{"start":{"line":219,"column":21},"end":{"line":219,"column":27}},"loc":{"start":{"line":219,"column":27},"end":{"line":219,"column":null}},"line":219},"14":{"name":"(anonymous_14)","decl":{"start":{"line":229,"column":28},"end":{"line":229,"column":29}},"loc":{"start":{"line":229,"column":39},"end":{"line":230,"column":32}},"line":229},"15":{"name":"(anonymous_15)","decl":{"start":{"line":233,"column":37},"end":{"line":233,"column":38}},"loc":{"start":{"line":233,"column":45},"end":{"line":234,"column":40}},"line":233},"16":{"name":"(anonymous_16)","decl":{"start":{"line":267,"column":17},"end":{"line":267,"column":23}},"loc":{"start":{"line":267,"column":23},"end":{"line":267,"column":null}},"line":267}},"branchMap":{"0":{"loc":{"start":{"line":47,"column":10},"end":{"line":47,"column":null}},"type":"if","locations":[{"start":{"line":47,"column":10},"end":{"line":47,"column":null}},{"start":{},"end":{}}],"line":47},"1":{"loc":{"start":{"line":53,"column":19},"end":{"line":53,"column":null}},"type":"binary-expr","locations":[{"start":{"line":53,"column":19},"end":{"line":53,"column":43}},{"start":{"line":53,"column":43},"end":{"line":53,"column":null}}],"line":53},"2":{"loc":{"start":{"line":152,"column":11},"end":{"line":152,"column":null}},"type":"cond-expr","locations":[{"start":{"line":152,"column":29},"end":{"line":152,"column":78}},{"start":{"line":152,"column":78},"end":{"line":152,"column":null}}],"line":152},"3":{"loc":{"start":{"line":156,"column":4},"end":{"line":156,"column":null}},"type":"if","locations":[{"start":{"line":156,"column":4},"end":{"line":156,"column":null}},{"start":{},"end":{}}],"line":156},"4":{"loc":{"start":{"line":157,"column":4},"end":{"line":157,"column":null}},"type":"if","locations":[{"start":{"line":157,"column":4},"end":{"line":157,"column":null}},{"start":{},"end":{}}],"line":157},"5":{"loc":{"start":{"line":161,"column":2},"end":{"line":174,"column":null}},"type":"if","locations":[{"start":{"line":161,"column":2},"end":{"line":174,"column":null}},{"start":{},"end":{}}],"line":161},"6":{"loc":{"start":{"line":210,"column":13},"end":{"line":210,"column":null}},"type":"cond-expr","locations":[{"start":{"line":210,"column":25},"end":{"line":210,"column":33}},{"start":{"line":210,"column":33},"end":{"line":210,"column":null}}],"line":210},"7":{"loc":{"start":{"line":222,"column":13},"end":{"line":222,"column":null}},"type":"cond-expr","locations":[{"start":{"line":222,"column":13},"end":{"line":222,"column":61}},{"start":{"line":222,"column":60},"end":{"line":222,"column":null}}],"line":222},"8":{"loc":{"start":{"line":227,"column":7},"end":{"line":230,"column":32}},"type":"binary-expr","locations":[{"start":{"line":227,"column":7},"end":{"line":227,"column":null}},{"start":{"line":227,"column":7},"end":{"line":230,"column":32}}],"line":227},"9":{"loc":{"start":{"line":235,"column":21},"end":{"line":238,"column":null}},"type":"cond-expr","locations":[{"start":{"line":235,"column":33},"end":{"line":238,"column":23}},{"start":{"line":238,"column":22},"end":{"line":238,"column":null}}],"line":235}},"s":{"0":0,"1":0,"2":0,"3":0,"4":0,"5":0,"6":0,"7":0,"8":0,"9":0,"10":0,"11":0,"12":0,"13":0,"14":0,"15":0,"16":0,"17":0,"18":0,"19":0,"20":0,"21":0,"22":0,"23":0,"24":0,"25":0,"26":0,"27":0,"28":0,"29":0,"30":0,"31":0,"32":0,"33":0,"34":0,"35":0,"36":0,"37":0,"38":0,"39":0,"40":0,"41":0,"42":0,"43":0,"44":0,"45":0,"46":0},"f":{"0":0,"1":0,"2":0,"3":0,"4":0,"5":0,"6":0,"7":0,"8":0,"9":0,"10":0,"11":0,"12":0,"13":0,"14":0,"15":0,"16":0},"b":{"0":[0,0],"1":[0,0],"2":[0,0],"3":[0,0],"4":[0,0],"5":[0,0],"6":[0,0],"7":[0,0],"8":[0,0],"9":[0,0]},"meta":{"lastBranch":10,"lastFunction":17,"lastStatement":47,"seen":{"f:15:24:15:Infinity":0,"s:16:39:16:Infinity":0,"s:17:33:17:Infinity":1,"s:18:37:18:Infinity":2,"s:19:33:19:Infinity":3,"s:20:33:20:Infinity":4,"s:22:19:141:Infinity":5,"f:22:19:22:Infinity":1,"s:23:4:23:Infinity":6,"s:24:35:24:37":7,"s:27:27:58:Infinity":8,"f:45:17:45:Infinity":2,"s:46:25:46:Infinity":9,"b:47:10:47:Infinity:undefined:undefined:undefined:undefined":0,"s:47:10:47:Infinity":10,"s:47:35:47:Infinity":11,"s:50:10:54:Infinity":12,"f:50:41:50:Infinity":3,"s:51:41:51:Infinity":13,"s:52:33:52:Infinity":14,"s:53:12:53:Infinity":15,"b:53:19:53:43:53:43:53:Infinity":1,"s:61:31:82:Infinity":16,"s:85:25:111:Infinity":17,"s:114:24:130:Infinity":18,"s:132:4:136:Infinity":19,"s:139:4:139:Infinity":20,"s:140:4:140:Infinity":21,"s:143:2:145:Infinity":22,"f:143:12:143:Infinity":4,"s:144:4:144:Infinity":23,"s:147:26:153:Infinity":24,"f:147:26:147:Infinity":5,"s:148:24:148:Infinity":25,"f:148:44:148:45":6,"s:148:58:148:81":26,"s:149:25:150:Infinity":27,"f:149:45:149:46":7,"s:150:6:150:59":28,"f:150:30:150:39":8,"s:150:39:150:51":29,"s:152:4:152:Infinity":30,"b:152:29:152:78:152:78:152:Infinity":2,"s:155:24:159:Infinity":31,"f:155:24:155:25":9,"b:156:4:156:Infinity:undefined:undefined:undefined:undefined":3,"s:156:4:156:Infinity":32,"s:156:21:156:Infinity":33,"b:157:4:157:Infinity:undefined:undefined:undefined:undefined":4,"s:157:4:157:Infinity":34,"s:157:21:157:Infinity":35,"s:158:4:158:Infinity":36,"b:161:2:174:Infinity:undefined:undefined:undefined:undefined":5,"s:161:2:174:Infinity":37,"s:162:4:170:Infinity":38,"f:165:19:165:25":10,"s:165:25:165:Infinity":39,"s:176:2:287:Infinity":40,"f:186:19:186:25":11,"s:186:25:186:Infinity":41,"b:210:25:210:33:210:33:210:Infinity":6,"f:213:21:213:27":12,"s:213:27:213:Infinity":42,"f:219:21:219:27":13,"s:219:27:219:Infinity":43,"b:222:13:222:61:222:60:222:Infinity":7,"b:227:7:227:Infinity:227:7:230:32":8,"f:229:28:229:29":14,"s:229:39:230:32":44,"f:233:37:233:38":15,"s:233:45:234:40":45,"b:235:33:238:23:238:22:238:Infinity":9,"f:267:17:267:23":16,"s:267:23:267:Infinity":46}}}
,"/home/casio699/projects/kits-Aio/Kitsaiobusinessterminal/src/components/ErrorBoundary.tsx": {"path":"/home/casio699/projects/kits-Aio/Kitsaiobusinessterminal/src/components/ErrorBoundary.tsx","statementMap":{"0":{"start":{"line":26,"column":4},"end":{"line":26,"column":null}},"1":{"start":{"line":30,"column":4},"end":{"line":30,"column":null}},"2":{"start":{"line":33,"column":4},"end":{"line":39,"column":null}},"3":{"start":{"line":42,"column":4},"end":{"line":44,"column":null}},"4":{"start":{"line":43,"column":6},"end":{"line":43,"column":null}},"5":{"start":{"line":47,"column":4},"end":{"line":47,"column":null}},"6":{"start":{"line":59,"column":4},"end":{"line":101,"column":null}},"7":{"start":{"line":61,"column":6},"end":{"line":63,"column":null}},"8":{"start":{"line":62,"column":8},"end":{"line":62,"column":null}},"9":{"start":{"line":66,"column":6},"end":{"line":93,"column":null}},"10":{"start":{"line":103,"column":4},"end":{"line":103,"column":null}},"11":{"start":{"line":21,"column":4},"end":{"line":56,"column":null}},"12":{"start":{"line":51,"column":4},"end":{"line":51,"column":null}},"13":{"start":{"line":55,"column":4},"end":{"line":55,"column":null}},"14":{"start":{"line":22,"column":4},"end":{"line":22,"column":null}},"15":{"start":{"line":109,"column":28},"end":{"line":109,"column":null}},"16":{"start":{"line":111,"column":21},"end":{"line":113,"column":null}},"17":{"start":{"line":112,"column":4},"end":{"line":112,"column":null}},"18":{"start":{"line":115,"column":23},"end":{"line":121,"column":null}},"19":{"start":{"line":116,"column":4},"end":{"line":116,"column":null}},"20":{"start":{"line":117,"column":4},"end":{"line":117,"column":null}},"21":{"start":{"line":120,"column":4},"end":{"line":120,"column":null}},"22":{"start":{"line":124,"column":2},"end":{"line":126,"column":null}},"23":{"start":{"line":125,"column":4},"end":{"line":125,"column":null}},"24":{"start":{"line":128,"column":2},"end":{"line":128,"column":null}},"25":{"start":{"line":137,"column":27},"end":{"line":139,"column":null}},"26":{"start":{"line":138,"column":4},"end":{"line":139,"column":null}},"27":{"start":{"line":143,"column":2},"end":{"line":143,"column":null}},"28":{"start":{"line":145,"column":2},"end":{"line":145,"column":null}}},"fnMap":{"0":{"name":"_define_property","decl":{"start":{"line":5,"column":0},"end":{"line":5,"column":null}},"loc":{"start":{"line":5,"column":0},"end":{"line":5,"column":null}},"line":5},"1":{"name":"(anonymous_1)","decl":{"start":{"line":25,"column":9},"end":{"line":25,"column":34}},"loc":{"start":{"line":25,"column":55},"end":{"line":27,"column":null}},"line":25},"2":{"name":"(anonymous_2)","decl":{"start":{"line":29,"column":2},"end":{"line":29,"column":20}},"loc":{"start":{"line":29,"column":56},"end":{"line":48,"column":null}},"line":29},"3":{"name":"(anonymous_3)","decl":{"start":{"line":58,"column":2},"end":{"line":58,"column":11}},"loc":{"start":{"line":58,"column":11},"end":{"line":104,"column":null}},"line":58},"4":{"name":"(anonymous_4)","decl":{"start":{"line":20,"column":2},"end":{"line":20,"column":14}},"loc":{"start":{"line":20,"column":28},"end":{"line":23,"column":null}},"line":20},"5":{"name":"(anonymous_5)","decl":{"start":{"line":50,"column":16},"end":{"line":50,"column":null}},"loc":{"start":{"line":50,"column":16},"end":{"line":52,"column":null}},"line":50},"6":{"name":"(anonymous_6)","decl":{"start":{"line":54,"column":17},"end":{"line":54,"column":null}},"loc":{"start":{"line":54,"column":17},"end":{"line":56,"column":null}},"line":54},"7":{"name":"useErrorHandler","decl":{"start":{"line":108,"column":16},"end":{"line":108,"column":null}},"loc":{"start":{"line":108,"column":16},"end":{"line":129,"column":null}},"line":108},"8":{"name":"(anonymous_8)","decl":{"start":{"line":111,"column":39},"end":{"line":111,"column":null}},"loc":{"start":{"line":111,"column":39},"end":{"line":113,"column":5}},"line":111},"9":{"name":"(anonymous_9)","decl":{"start":{"line":115,"column":41},"end":{"line":115,"column":42}},"loc":{"start":{"line":115,"column":42},"end":{"line":121,"column":5}},"line":115},"10":{"name":"withErrorBoundary","decl":{"start":{"line":132,"column":16},"end":{"line":132,"column":null}},"loc":{"start":{"line":135,"column":56},"end":{"line":146,"column":null}},"line":135},"11":{"name":"(anonymous_11)","decl":{"start":{"line":137,"column":27},"end":{"line":137,"column":28}},"loc":{"start":{"line":138,"column":4},"end":{"line":139,"column":null}},"line":138}},"branchMap":{"0":{"loc":{"start":{"line":42,"column":4},"end":{"line":44,"column":null}},"type":"if","locations":[{"start":{"line":42,"column":4},"end":{"line":44,"column":null}},{"start":{},"end":{}}],"line":42},"1":{"loc":{"start":{"line":59,"column":4},"end":{"line":101,"column":null}},"type":"if","locations":[{"start":{"line":59,"column":4},"end":{"line":101,"column":null}},{"start":{},"end":{}}],"line":59},"2":{"loc":{"start":{"line":61,"column":6},"end":{"line":63,"column":null}},"type":"if","locations":[{"start":{"line":61,"column":6},"end":{"line":63,"column":null}},{"start":{},"end":{}}],"line":61},"3":{"loc":{"start":{"line":79,"column":15},"end":{"line":82,"column":null}},"type":"binary-expr","locations":[{"start":{"line":79,"column":15},"end":{"line":79,"column":57}},{"start":{"line":79,"column":57},"end":{"line":79,"column":null}},{"start":{"line":80,"column":16},"end":{"line":82,"column":null}}],"line":79},"4":{"loc":{"start":{"line":124,"column":2},"end":{"line":126,"column":null}},"type":"if","locations":[{"start":{"line":124,"column":2},"end":{"line":126,"column":null}},{"start":{},"end":{}}],"line":124},"5":{"loc":{"start":{"line":143,"column":54},"end":{"line":143,"column":93}},"type":"binary-expr","locations":[{"start":{"line":143,"column":54},"end":{"line":143,"column":79}},{"start":{"line":143,"column":79},"end":{"line":143,"column":93}}],"line":143}},"s":{"0":0,"1":0,"2":0,"3":0,"4":0,"5":0,"6":0,"7":0,"8":0,"9":0,"10":0,"11":0,"12":0,"13":0,"14":0,"15":0,"16":0,"17":0,"18":0,"19":0,"20":0,"21":0,"22":0,"23":0,"24":0,"25":0,"26":0,"27":0,"28":0},"f":{"0":0,"1":1,"2":0,"3":0,"4":0,"5":0,"6":0,"7":0,"8":0,"9":0,"10":0,"11":0},"b":{"0":[0,0],"1":[0,0],"2":[0,0],"3":[0,0,0],"4":[0,0],"5":[0,0]},"meta":{"lastBranch":6,"lastFunction":12,"lastStatement":29,"seen":{"f:5:0:5:Infinity":0,"f:25:9:25:34":1,"s:26:4:26:Infinity":0,"f:29:2:29:20":2,"s:30:4:30:Infinity":1,"s:33:4:39:Infinity":2,"b:42:4:44:Infinity:undefined:undefined:undefined:undefined":0,"s:42:4:44:Infinity":3,"s:43:6:43:Infinity":4,"s:47:4:47:Infinity":5,"f:58:2:58:11":3,"b:59:4:101:Infinity:undefined:undefined:undefined:undefined":1,"s:59:4:101:Infinity":6,"b:61:6:63:Infinity:undefined:undefined:undefined:undefined":2,"s:61:6:63:Infinity":7,"s:62:8:62:Infinity":8,"s:66:6:93:Infinity":9,"b:79:15:79:57:79:57:79:Infinity:80:16:82:Infinity":3,"s:103:4:103:Infinity":10,"f:20:2:20:14":4,"s:21:4:56:Infinity":11,"f:50:16:50:Infinity":5,"s:51:4:51:Infinity":12,"f:54:17:54:Infinity":6,"s:55:4:55:Infinity":13,"s:22:4:22:Infinity":14,"f:108:16:108:Infinity":7,"s:109:28:109:Infinity":15,"s:111:21:113:Infinity":16,"f:111:39:111:Infinity":8,"s:112:4:112:Infinity":17,"s:115:23:121:Infinity":18,"f:115:41:115:42":9,"s:116:4:116:Infinity":19,"s:117:4:117:Infinity":20,"s:120:4:120:Infinity":21,"b:124:2:126:Infinity:undefined:undefined:undefined:undefined":4,"s:124:2:126:Infinity":22,"s:125:4:125:Infinity":23,"s:128:2:128:Infinity":24,"f:132:16:132:Infinity":10,"s:137:27:139:Infinity":25,"f:137:27:137:28":11,"s:138:4:139:Infinity":26,"s:143:2:143:Infinity":27,"b:143:54:143:79:143:79:143:93":5,"s:145:2:145:Infinity":28}}}
,"/home/casio699/projects/kits-Aio/Kitsaiobusinessterminal/src/components/KeyboardNavigationHelper.tsx": {"path":"/home/casio699/projects/kits-Aio/Kitsaiobusinessterminal/src/components/KeyboardNavigationHelper.tsx","statementMap":{"0":{"start":{"line":5,"column":33},"end":{"line":5,"column":null}},"1":{"start":{"line":6,"column":39},"end":{"line":6,"column":null}},"2":{"start":{"line":8,"column":2},"end":{"line":27,"column":null}},"3":{"start":{"line":9,"column":26},"end":{"line":23,"column":null}},"4":{"start":{"line":11,"column":6},"end":{"line":14,"column":null}},"5":{"start":{"line":12,"column":8},"end":{"line":12,"column":null}},"6":{"start":{"line":13,"column":8},"end":{"line":13,"column":null}},"7":{"start":{"line":17,"column":6},"end":{"line":22,"column":null}},"8":{"start":{"line":18,"column":24},"end":{"line":18,"column":null}},"9":{"start":{"line":19,"column":19},"end":{"line":19,"column":44}},"10":{"start":{"line":20,"column":26},"end":{"line":20,"column":58}},"11":{"start":{"line":21,"column":8},"end":{"line":21,"column":null}},"12":{"start":{"line":25,"column":4},"end":{"line":25,"column":null}},"13":{"start":{"line":26,"column":4},"end":{"line":26,"column":null}},"14":{"start":{"line":26,"column":17},"end":{"line":26,"column":null}},"15":{"start":{"line":29,"column":28},"end":{"line":38,"column":null}},"16":{"start":{"line":40,"column":2},"end":{"line":52,"column":null}},"17":{"start":{"line":41,"column":4},"end":{"line":48,"column":null}},"18":{"start":{"line":44,"column":25},"end":{"line":44,"column":null}},"19":{"start":{"line":54,"column":2},"end":{"line":85,"column":null}},"20":{"start":{"line":62,"column":25},"end":{"line":62,"column":null}},"21":{"start":{"line":71,"column":42},"end":{"line":72,"column":27}}},"fnMap":{"0":{"name":"KeyboardNavigationHelper","decl":{"start":{"line":4,"column":24},"end":{"line":4,"column":null}},"loc":{"start":{"line":4,"column":24},"end":{"line":91,"column":null}},"line":4},"1":{"name":"(anonymous_1)","decl":{"start":{"line":8,"column":12},"end":{"line":8,"column":null}},"loc":{"start":{"line":8,"column":12},"end":{"line":27,"column":5}},"line":8},"2":{"name":"(anonymous_2)","decl":{"start":{"line":9,"column":26},"end":{"line":9,"column":27}},"loc":{"start":{"line":9,"column":27},"end":{"line":23,"column":null}},"line":9},"3":{"name":"(anonymous_3)","decl":{"start":{"line":26,"column":11},"end":{"line":26,"column":17}},"loc":{"start":{"line":26,"column":17},"end":{"line":26,"column":null}},"line":26},"4":{"name":"(anonymous_4)","decl":{"start":{"line":44,"column":19},"end":{"line":44,"column":25}},"loc":{"start":{"line":44,"column":25},"end":{"line":44,"column":null}},"line":44},"5":{"name":"(anonymous_5)","decl":{"start":{"line":62,"column":19},"end":{"line":62,"column":25}},"loc":{"start":{"line":62,"column":25},"end":{"line":62,"column":null}},"line":62},"6":{"name":"(anonymous_6)","decl":{"start":{"line":71,"column":31},"end":{"line":71,"column":32}},"loc":{"start":{"line":71,"column":42},"end":{"line":72,"column":27}},"line":71}},"branchMap":{"0":{"loc":{"start":{"line":11,"column":6},"end":{"line":14,"column":null}},"type":"if","locations":[{"start":{"line":11,"column":6},"end":{"line":14,"column":null}},{"start":{},"end":{}}],"line":11},"1":{"loc":{"start":{"line":11,"column":10},"end":{"line":11,"column":37}},"type":"binary-expr","locations":[{"start":{"line":11,"column":10},"end":{"line":11,"column":18}},{"start":{"line":11,"column":22},"end":{"line":11,"column":37}}],"line":11},"2":{"loc":{"start":{"line":17,"column":6},"end":{"line":22,"column":null}},"type":"if","locations":[{"start":{"line":17,"column":6},"end":{"line":22,"column":null}},{"start":{},"end":{}}],"line":17},"3":{"loc":{"start":{"line":21,"column":37},"end":{"line":21,"column":58}},"type":"cond-expr","locations":[{"start":{"line":21,"column":42},"end":{"line":21,"column":53}},{"start":{"line":21,"column":53},"end":{"line":21,"column":58}}],"line":21},"4":{"loc":{"start":{"line":21,"column":58},"end":{"line":21,"column":106}},"type":"cond-expr","locations":[{"start":{"line":21,"column":70},"end":{"line":21,"column":99}},{"start":{"line":21,"column":102},"end":{"line":21,"column":106}}],"line":21},"5":{"loc":{"start":{"line":40,"column":2},"end":{"line":52,"column":null}},"type":"if","locations":[{"start":{"line":40,"column":2},"end":{"line":52,"column":null}},{"start":{},"end":{}}],"line":40},"6":{"loc":{"start":{"line":85,"column":71},"end":{"line":85,"column":null}},"type":"binary-expr","locations":[{"start":{"line":85,"column":71},"end":{"line":85,"column":87}},{"start":{"line":85,"column":87},"end":{"line":85,"column":null}}],"line":85}},"s":{"0":0,"1":0,"2":0,"3":0,"4":0,"5":0,"6":0,"7":0,"8":0,"9":0,"10":0,"11":0,"12":0,"13":0,"14":0,"15":0,"16":0,"17":0,"18":0,"19":0,"20":0,"21":0},"f":{"0":0,"1":0,"2":0,"3":0,"4":0,"5":0,"6":0},"b":{"0":[0,0],"1":[0,0],"2":[0,0],"3":[0,0],"4":[0,0],"5":[0,0],"6":[0,0]},"meta":{"lastBranch":7,"lastFunction":7,"lastStatement":22,"seen":{"f:4:24:4:Infinity":0,"s:5:33:5:Infinity":0,"s:6:39:6:Infinity":1,"s:8:2:27:Infinity":2,"f:8:12:8:Infinity":1,"s:9:26:23:Infinity":3,"f:9:26:9:27":2,"b:11:6:14:Infinity:undefined:undefined:undefined:undefined":0,"s:11:6:14:Infinity":4,"b:11:10:11:18:11:22:11:37":1,"s:12:8:12:Infinity":5,"s:13:8:13:Infinity":6,"b:17:6:22:Infinity:undefined:undefined:undefined:undefined":2,"s:17:6:22:Infinity":7,"s:18:24:18:Infinity":8,"s:19:19:19:44":9,"s:20:26:20:58":10,"s:21:8:21:Infinity":11,"b:21:42:21:53:21:53:21:58":3,"b:21:70:21:99:21:102:21:106":4,"s:25:4:25:Infinity":12,"s:26:4:26:Infinity":13,"f:26:11:26:17":3,"s:26:17:26:Infinity":14,"s:29:28:38:Infinity":15,"b:40:2:52:Infinity:undefined:undefined:undefined:undefined":5,"s:40:2:52:Infinity":16,"s:41:4:48:Infinity":17,"f:44:19:44:25":4,"s:44:25:44:Infinity":18,"s:54:2:85:Infinity":19,"f:62:19:62:25":5,"s:62:25:62:Infinity":20,"f:71:31:71:32":6,"s:71:42:72:27":21,"b:85:71:85:87:85:87:85:Infinity":6}}}
,"/home/casio699/projects/kits-Aio/Kitsaiobusinessterminal/src/components/LanguageSwitcher.tsx": {"path":"/home/casio699/projects/kits-Aio/Kitsaiobusinessterminal/src/components/LanguageSwitcher.tsx","statementMap":{"0":{"start":{"line":17,"column":65},"end":{"line":62,"column":null}},"1":{"start":{"line":18,"column":16},"end":{"line":18,"column":null}},"2":{"start":{"line":19,"column":27},"end":{"line":19,"column":null}},"3":{"start":{"line":21,"column":26},"end":{"line":21,"column":null}},"4":{"start":{"line":21,"column":58},"end":{"line":21,"column":85}},"5":{"start":{"line":23,"column":31},"end":{"line":27,"column":null}},"6":{"start":{"line":24,"column":4},"end":{"line":24,"column":null}},"7":{"start":{"line":25,"column":4},"end":{"line":25,"column":null}},"8":{"start":{"line":26,"column":4},"end":{"line":26,"column":null}},"9":{"start":{"line":29,"column":2},"end":{"line":47,"column":null}},"10":{"start":{"line":45,"column":33},"end":{"line":47,"column":null}},"11":{"start":{"line":48,"column":27},"end":{"line":48,"column":null}}},"fnMap":{"0":{"name":"(anonymous_0)","decl":{"start":{"line":17,"column":65},"end":{"line":17,"column":66}},"loc":{"start":{"line":17,"column":79},"end":{"line":62,"column":null}},"line":17},"1":{"name":"(anonymous_1)","decl":{"start":{"line":21,"column":50},"end":{"line":21,"column":58}},"loc":{"start":{"line":21,"column":58},"end":{"line":21,"column":85}},"line":21},"2":{"name":"(anonymous_2)","decl":{"start":{"line":23,"column":31},"end":{"line":23,"column":32}},"loc":{"start":{"line":23,"column":32},"end":{"line":27,"column":null}},"line":23},"3":{"name":"(anonymous_3)","decl":{"start":{"line":45,"column":32},"end":{"line":45,"column":33}},"loc":{"start":{"line":45,"column":33},"end":{"line":47,"column":null}},"line":45},"4":{"name":"(anonymous_4)","decl":{"start":{"line":48,"column":21},"end":{"line":48,"column":27}},"loc":{"start":{"line":48,"column":27},"end":{"line":48,"column":null}},"line":48}},"branchMap":{"0":{"loc":{"start":{"line":39,"column":13},"end":{"line":39,"column":null}},"type":"binary-expr","locations":[{"start":{"line":39,"column":13},"end":{"line":39,"column":44}},{"start":{"line":39,"column":44},"end":{"line":39,"column":null}}],"line":39},"1":{"loc":{"start":{"line":50,"column":14},"end":{"line":50,"column":null}},"type":"cond-expr","locations":[{"start":{"line":50,"column":48},"end":{"line":50,"column":62}},{"start":{"line":50,"column":62},"end":{"line":50,"column":null}}],"line":50}},"s":{"0":1,"1":6,"2":6,"3":6,"4":6,"5":6,"6":0,"7":0,"8":0,"9":6,"10":30,"11":0},"f":{"0":6,"1":6,"2":0,"3":30,"4":0},"b":{"0":[6,0],"1":[6,24]},"meta":{"lastBranch":2,"lastFunction":5,"lastStatement":12,"seen":{"s:17:65:62:Infinity":0,"f:17:65:17:66":0,"s:18:16:18:Infinity":1,"s:19:27:19:Infinity":2,"s:21:26:21:Infinity":3,"f:21:50:21:58":1,"s:21:58:21:85":4,"s:23:31:27:Infinity":5,"f:23:31:23:32":2,"s:24:4:24:Infinity":6,"s:25:4:25:Infinity":7,"s:26:4:26:Infinity":8,"s:29:2:47:Infinity":9,"b:39:13:39:44:39:44:39:Infinity":0,"f:45:32:45:33":3,"s:45:33:47:Infinity":10,"f:48:21:48:27":4,"s:48:27:48:Infinity":11,"b:50:48:50:62:50:62:50:Infinity":1}}}
,"/home/casio699/projects/kits-Aio/Kitsaiobusinessterminal/src/components/Layout.tsx": {"path":"/home/casio699/projects/kits-Aio/Kitsaiobusinessterminal/src/components/Layout.tsx","statementMap":{"0":{"start":{"line":55,"column":13},"end":{"line":55,"column":null}},"1":{"start":{"line":56,"column":8},"end":{"line":56,"column":null}},"2":{"start":{"line":57,"column":8},"end":{"line":57,"column":null}},"3":{"start":{"line":58,"column":40},"end":{"line":58,"column":null}},"4":{"start":{"line":59,"column":47},"end":{"line":59,"column":null}},"5":{"start":{"line":60,"column":41},"end":{"line":60,"column":null}},"6":{"start":{"line":61,"column":29},"end":{"line":61,"column":null}},"7":{"start":{"line":62,"column":33},"end":{"line":62,"column":null}},"8":{"start":{"line":63,"column":35},"end":{"line":63,"column":null}},"9":{"start":{"line":64,"column":49},"end":{"line":64,"column":null}},"10":{"start":{"line":65,"column":37},"end":{"line":65,"column":null}},"11":{"start":{"line":66,"column":37},"end":{"line":66,"column":null}},"12":{"start":{"line":67,"column":47},"end":{"line":67,"column":null}},"13":{"start":{"line":69,"column":23},"end":{"line":78,"column":null}},"14":{"start":{"line":70,"column":4},"end":{"line":77,"column":null}},"15":{"start":{"line":71,"column":6},"end":{"line":71,"column":null}},"16":{"start":{"line":72,"column":6},"end":{"line":72,"column":null}},"17":{"start":{"line":73,"column":6},"end":{"line":73,"column":null}},"18":{"start":{"line":75,"column":6},"end":{"line":75,"column":null}},"19":{"start":{"line":76,"column":6},"end":{"line":76,"column":null}},"20":{"start":{"line":80,"column":8},"end":{"line":80,"column":null}},"21":{"start":{"line":80,"column":49},"end":{"line":80,"column":77}},"22":{"start":{"line":82,"column":8},"end":{"line":113,"column":null}},"23":{"start":{"line":82,"column":35},"end":{"line":113,"column":5}},"24":{"start":{"line":115,"column":8},"end":{"line":126,"column":null}},"25":{"start":{"line":115,"column":39},"end":{"line":126,"column":5}},"26":{"start":{"line":128,"column":2},"end":{"line":132,"column":null}},"27":{"start":{"line":129,"column":21},"end":{"line":129,"column":null}},"28":{"start":{"line":129,"column":27},"end":{"line":129,"column":null}},"29":{"start":{"line":130,"column":4},"end":{"line":130,"column":null}},"30":{"start":{"line":131,"column":4},"end":{"line":131,"column":null}},"31":{"start":{"line":131,"column":17},"end":{"line":131,"column":null}},"32":{"start":{"line":134,"column":2},"end":{"line":136,"column":null}},"33":{"start":{"line":135,"column":4},"end":{"line":135,"column":null}},"34":{"start":{"line":138,"column":2},"end":{"line":611,"column":null}},"35":{"start":{"line":163,"column":10},"end":{"line":163,"column":null}},"36":{"start":{"line":164,"column":25},"end":{"line":164,"column":null}},"37":{"start":{"line":165,"column":10},"end":{"line":168,"column":null}},"38":{"start":{"line":166,"column":12},"end":{"line":166,"column":null}},"39":{"start":{"line":167,"column":12},"end":{"line":167,"column":null}},"40":{"start":{"line":195,"column":10},"end":{"line":195,"column":null}},"41":{"start":{"line":196,"column":25},"end":{"line":196,"column":null}},"42":{"start":{"line":197,"column":10},"end":{"line":200,"column":null}},"43":{"start":{"line":198,"column":12},"end":{"line":198,"column":null}},"44":{"start":{"line":199,"column":12},"end":{"line":199,"column":null}},"45":{"start":{"line":227,"column":10},"end":{"line":227,"column":null}},"46":{"start":{"line":228,"column":25},"end":{"line":228,"column":null}},"47":{"start":{"line":229,"column":10},"end":{"line":232,"column":null}},"48":{"start":{"line":230,"column":13},"end":{"line":230,"column":null}},"49":{"start":{"line":231,"column":12},"end":{"line":231,"column":null}},"50":{"start":{"line":251,"column":29},"end":{"line":251,"column":null}},"51":{"start":{"line":269,"column":37},"end":{"line":269,"column":null}},"52":{"start":{"line":298,"column":29},"end":{"line":300,"column":null}},"53":{"start":{"line":336,"column":25},"end":{"line":336,"column":null}},"54":{"start":{"line":374,"column":43},"end":{"line":374,"column":null}},"55":{"start":{"line":403,"column":39},"end":{"line":403,"column":null}},"56":{"start":{"line":404,"column":37},"end":{"line":404,"column":null}},"57":{"start":{"line":405,"column":36},"end":{"line":405,"column":null}},"58":{"start":{"line":405,"column":53},"end":{"line":405,"column":75}},"59":{"start":{"line":416,"column":39},"end":{"line":416,"column":null}},"60":{"start":{"line":446,"column":35},"end":{"line":446,"column":null}},"61":{"start":{"line":457,"column":37},"end":{"line":457,"column":null}},"62":{"start":{"line":501,"column":37},"end":{"line":501,"column":null}},"63":{"start":{"line":593,"column":39},"end":{"line":593,"column":null}},"64":{"start":{"line":611,"column":25},"end":{"line":611,"column":null}}},"fnMap":{"0":{"name":"Layout","decl":{"start":{"line":54,"column":24},"end":{"line":54,"column":31}},"loc":{"start":{"line":54,"column":56},"end":{"line":616,"column":null}},"line":54},"1":{"name":"(anonymous_1)","decl":{"start":{"line":69,"column":23},"end":{"line":69,"column":null}},"loc":{"start":{"line":69,"column":23},"end":{"line":78,"column":null}},"line":69},"2":{"name":"(anonymous_2)","decl":{"start":{"line":80,"column":31},"end":{"line":80,"column":32}},"loc":{"start":{"line":80,"column":49},"end":{"line":80,"column":77}},"line":80},"3":{"name":"(anonymous_3)","decl":{"start":{"line":82,"column":29},"end":{"line":82,"column":35}},"loc":{"start":{"line":82,"column":35},"end":{"line":113,"column":5}},"line":82},"4":{"name":"(anonymous_4)","decl":{"start":{"line":115,"column":33},"end":{"line":115,"column":39}},"loc":{"start":{"line":115,"column":39},"end":{"line":126,"column":5}},"line":115},"5":{"name":"(anonymous_5)","decl":{"start":{"line":128,"column":12},"end":{"line":128,"column":null}},"loc":{"start":{"line":128,"column":12},"end":{"line":132,"column":5}},"line":128},"6":{"name":"(anonymous_6)","decl":{"start":{"line":129,"column":21},"end":{"line":129,"column":27}},"loc":{"start":{"line":129,"column":27},"end":{"line":129,"column":null}},"line":129},"7":{"name":"(anonymous_7)","decl":{"start":{"line":131,"column":11},"end":{"line":131,"column":17}},"loc":{"start":{"line":131,"column":17},"end":{"line":131,"column":null}},"line":131},"8":{"name":"(anonymous_8)","decl":{"start":{"line":134,"column":12},"end":{"line":134,"column":null}},"loc":{"start":{"line":134,"column":12},"end":{"line":136,"column":5}},"line":134},"9":{"name":"(anonymous_9)","decl":{"start":{"line":162,"column":17},"end":{"line":162,"column":18}},"loc":{"start":{"line":162,"column":18},"end":{"line":169,"column":null}},"line":162},"10":{"name":"(anonymous_10)","decl":{"start":{"line":194,"column":17},"end":{"line":194,"column":18}},"loc":{"start":{"line":194,"column":18},"end":{"line":201,"column":null}},"line":194},"11":{"name":"(anonymous_11)","decl":{"start":{"line":226,"column":17},"end":{"line":226,"column":18}},"loc":{"start":{"line":226,"column":18},"end":{"line":233,"column":null}},"line":226},"12":{"name":"(anonymous_12)","decl":{"start":{"line":251,"column":23},"end":{"line":251,"column":29}},"loc":{"start":{"line":251,"column":29},"end":{"line":251,"column":null}},"line":251},"13":{"name":"(anonymous_13)","decl":{"start":{"line":269,"column":31},"end":{"line":269,"column":37}},"loc":{"start":{"line":269,"column":37},"end":{"line":269,"column":null}},"line":269},"14":{"name":"(anonymous_14)","decl":{"start":{"line":298,"column":28},"end":{"line":298,"column":29}},"loc":{"start":{"line":298,"column":29},"end":{"line":300,"column":null}},"line":298},"15":{"name":"(anonymous_15)","decl":{"start":{"line":336,"column":19},"end":{"line":336,"column":25}},"loc":{"start":{"line":336,"column":25},"end":{"line":336,"column":null}},"line":336},"16":{"name":"(anonymous_16)","decl":{"start":{"line":374,"column":37},"end":{"line":374,"column":43}},"loc":{"start":{"line":374,"column":43},"end":{"line":374,"column":null}},"line":374},"17":{"name":"(anonymous_17)","decl":{"start":{"line":403,"column":32},"end":{"line":403,"column":33}},"loc":{"start":{"line":403,"column":39},"end":{"line":403,"column":null}},"line":403},"18":{"name":"(anonymous_18)","decl":{"start":{"line":404,"column":31},"end":{"line":404,"column":37}},"loc":{"start":{"line":404,"column":37},"end":{"line":404,"column":null}},"line":404},"19":{"name":"(anonymous_19)","decl":{"start":{"line":405,"column":30},"end":{"line":405,"column":36}},"loc":{"start":{"line":405,"column":36},"end":{"line":405,"column":null}},"line":405},"20":{"name":"(anonymous_20)","decl":{"start":{"line":405,"column":47},"end":{"line":405,"column":53}},"loc":{"start":{"line":405,"column":53},"end":{"line":405,"column":75}},"line":405},"21":{"name":"(anonymous_21)","decl":{"start":{"line":416,"column":33},"end":{"line":416,"column":39}},"loc":{"start":{"line":416,"column":39},"end":{"line":416,"column":null}},"line":416},"22":{"name":"(anonymous_22)","decl":{"start":{"line":446,"column":29},"end":{"line":446,"column":35}},"loc":{"start":{"line":446,"column":35},"end":{"line":446,"column":null}},"line":446},"23":{"name":"(anonymous_23)","decl":{"start":{"line":457,"column":31},"end":{"line":457,"column":37}},"loc":{"start":{"line":457,"column":37},"end":{"line":457,"column":null}},"line":457},"24":{"name":"(anonymous_24)","decl":{"start":{"line":501,"column":31},"end":{"line":501,"column":37}},"loc":{"start":{"line":501,"column":37},"end":{"line":501,"column":null}},"line":501},"25":{"name":"(anonymous_25)","decl":{"start":{"line":593,"column":32},"end":{"line":593,"column":33}},"loc":{"start":{"line":593,"column":39},"end":{"line":593,"column":null}},"line":593},"26":{"name":"(anonymous_26)","decl":{"start":{"line":611,"column":19},"end":{"line":611,"column":25}},"loc":{"start":{"line":611,"column":25},"end":{"line":611,"column":null}},"line":611}},"branchMap":{"0":{"loc":{"start":{"line":165,"column":10},"end":{"line":168,"column":null}},"type":"if","locations":[{"start":{"line":165,"column":10},"end":{"line":168,"column":null}},{"start":{},"end":{}}],"line":165},"1":{"loc":{"start":{"line":197,"column":10},"end":{"line":200,"column":null}},"type":"if","locations":[{"start":{"line":197,"column":10},"end":{"line":200,"column":null}},{"start":{},"end":{}}],"line":197},"2":{"loc":{"start":{"line":229,"column":10},"end":{"line":232,"column":null}},"type":"if","locations":[{"start":{"line":229,"column":10},"end":{"line":232,"column":null}},{"start":{},"end":{}}],"line":229},"3":{"loc":{"start":{"line":241,"column":10},"end":{"line":241,"column":null}},"type":"cond-expr","locations":[{"start":{"line":241,"column":26},"end":{"line":241,"column":44}},{"start":{"line":241,"column":44},"end":{"line":241,"column":null}}],"line":241},"4":{"loc":{"start":{"line":264,"column":19},"end":{"line":273,"column":null}},"type":"cond-expr","locations":[{"start":{"line":264,"column":20},"end":{"line":272,"column":21}},{"start":{"line":272,"column":20},"end":{"line":273,"column":null}}],"line":264},"5":{"loc":{"start":{"line":333,"column":7},"end":{"line":337,"column":null}},"type":"binary-expr","locations":[{"start":{"line":333,"column":7},"end":{"line":333,"column":null}},{"start":{"line":333,"column":7},"end":{"line":337,"column":null}}],"line":333},"6":{"loc":{"start":{"line":355,"column":16},"end":{"line":355,"column":null}},"type":"cond-expr","locations":[{"start":{"line":355,"column":31},"end":{"line":355,"column":82}},{"start":{"line":355,"column":82},"end":{"line":355,"column":null}}],"line":355},"7":{"loc":{"start":{"line":356,"column":18},"end":{"line":356,"column":71}},"type":"cond-expr","locations":[{"start":{"line":356,"column":32},"end":{"line":356,"column":54}},{"start":{"line":356,"column":54},"end":{"line":356,"column":71}}],"line":356},"8":{"loc":{"start":{"line":369,"column":25},"end":{"line":378,"column":null}},"type":"cond-expr","locations":[{"start":{"line":369,"column":26},"end":{"line":377,"column":27}},{"start":{"line":377,"column":26},"end":{"line":378,"column":null}}],"line":369},"9":{"loc":{"start":{"line":414,"column":21},"end":{"line":420,"column":null}},"type":"binary-expr","locations":[{"start":{"line":414,"column":21},"end":{"line":414,"column":null}},{"start":{"line":414,"column":21},"end":{"line":420,"column":null}}],"line":414},"10":{"loc":{"start":{"line":465,"column":21},"end":{"line":485,"column":null}},"type":"binary-expr","locations":[{"start":{"line":465,"column":21},"end":{"line":465,"column":null}},{"start":{"line":465,"column":21},"end":{"line":485,"column":null}}],"line":465},"11":{"loc":{"start":{"line":508,"column":27},"end":{"line":508,"column":null}},"type":"binary-expr","locations":[{"start":{"line":508,"column":27},"end":{"line":508,"column":79}},{"start":{"line":508,"column":79},"end":{"line":508,"column":null}}],"line":508},"12":{"loc":{"start":{"line":514,"column":21},"end":{"line":574,"column":null}},"type":"binary-expr","locations":[{"start":{"line":514,"column":21},"end":{"line":514,"column":null}},{"start":{"line":514,"column":21},"end":{"line":574,"column":null}}],"line":514},"13":{"loc":{"start":{"line":524,"column":33},"end":{"line":524,"column":null}},"type":"binary-expr","locations":[{"start":{"line":524,"column":33},"end":{"line":524,"column":85}},{"start":{"line":524,"column":85},"end":{"line":524,"column":null}}],"line":524},"14":{"loc":{"start":{"line":528,"column":77},"end":{"line":528,"column":null}},"type":"binary-expr","locations":[{"start":{"line":528,"column":77},"end":{"line":528,"column":102}},{"start":{"line":528,"column":102},"end":{"line":528,"column":null}}],"line":528},"15":{"loc":{"start":{"line":529,"column":68},"end":{"line":529,"column":null}},"type":"binary-expr","locations":[{"start":{"line":529,"column":68},"end":{"line":529,"column":93}},{"start":{"line":529,"column":93},"end":{"line":529,"column":null}}],"line":529},"16":{"loc":{"start":{"line":584,"column":15},"end":{"line":597,"column":null}},"type":"binary-expr","locations":[{"start":{"line":584,"column":15},"end":{"line":584,"column":null}},{"start":{"line":584,"column":15},"end":{"line":597,"column":null}}],"line":584}},"s":{"0":6,"1":6,"2":6,"3":6,"4":6,"5":6,"6":6,"7":6,"8":6,"9":6,"10":6,"11":6,"12":6,"13":6,"14":0,"15":0,"16":0,"17":0,"18":0,"19":0,"20":6,"21":42,"22":6,"23":6,"24":6,"25":6,"26":6,"27":6,"28":0,"29":6,"30":6,"31":6,"32":6,"33":6,"34":6,"35":0,"36":0,"37":0,"38":0,"39":0,"40":0,"41":0,"42":0,"43":0,"44":0,"45":0,"46":0,"47":0,"48":0,"49":0,"50":0,"51":0,"52":42,"53":0,"54":0,"55":0,"56":0,"57":0,"58":0,"59":0,"60":0,"61":0,"62":0,"63":0,"64":0},"f":{"0":6,"1":0,"2":42,"3":6,"4":6,"5":6,"6":0,"7":6,"8":6,"9":0,"10":0,"11":0,"12":0,"13":0,"14":42,"15":0,"16":0,"17":0,"18":0,"19":0,"20":0,"21":0,"22":0,"23":0,"24":0,"25":0,"26":0},"b":{"0":[0,0],"1":[0,0],"2":[0,0],"3":[0,6],"4":[6,0],"5":[6,0],"6":[0,6],"7":[0,6],"8":[6,0],"9":[6,0],"10":[6,0],"11":[6,6],"12":[6,0],"13":[0,0],"14":[0,0],"15":[0,0],"16":[6,0]},"meta":{"lastBranch":17,"lastFunction":27,"lastStatement":65,"seen":{"f:54:24:54:31":0,"s:55:13:55:Infinity":0,"s:56:8:56:Infinity":1,"s:57:8:57:Infinity":2,"s:58:40:58:Infinity":3,"s:59:47:59:Infinity":4,"s:60:41:60:Infinity":5,"s:61:29:61:Infinity":6,"s:62:33:62:Infinity":7,"s:63:35:63:Infinity":8,"s:64:49:64:Infinity":9,"s:65:37:65:Infinity":10,"s:66:37:66:Infinity":11,"s:67:47:67:Infinity":12,"s:69:23:78:Infinity":13,"f:69:23:69:Infinity":1,"s:70:4:77:Infinity":14,"s:71:6:71:Infinity":15,"s:72:6:72:Infinity":16,"s:73:6:73:Infinity":17,"s:75:6:75:Infinity":18,"s:76:6:76:Infinity":19,"s:80:8:80:Infinity":20,"f:80:31:80:32":2,"s:80:49:80:77":21,"s:82:8:113:Infinity":22,"f:82:29:82:35":3,"s:82:35:113:5":23,"s:115:8:126:Infinity":24,"f:115:33:115:39":4,"s:115:39:126:5":25,"s:128:2:132:Infinity":26,"f:128:12:128:Infinity":5,"s:129:21:129:Infinity":27,"f:129:21:129:27":6,"s:129:27:129:Infinity":28,"s:130:4:130:Infinity":29,"s:131:4:131:Infinity":30,"f:131:11:131:17":7,"s:131:17:131:Infinity":31,"s:134:2:136:Infinity":32,"f:134:12:134:Infinity":8,"s:135:4:135:Infinity":33,"s:138:2:611:Infinity":34,"f:162:17:162:18":9,"s:163:10:163:Infinity":35,"s:164:25:164:Infinity":36,"b:165:10:168:Infinity:undefined:undefined:undefined:undefined":0,"s:165:10:168:Infinity":37,"s:166:12:166:Infinity":38,"s:167:12:167:Infinity":39,"f:194:17:194:18":10,"s:195:10:195:Infinity":40,"s:196:25:196:Infinity":41,"b:197:10:200:Infinity:undefined:undefined:undefined:undefined":1,"s:197:10:200:Infinity":42,"s:198:12:198:Infinity":43,"s:199:12:199:Infinity":44,"f:226:17:226:18":11,"s:227:10:227:Infinity":45,"s:228:25:228:Infinity":46,"b:229:10:232:Infinity:undefined:undefined:undefined:undefined":2,"s:229:10:232:Infinity":47,"s:230:13:230:Infinity":48,"s:231:12:231:Infinity":49,"b:241:26:241:44:241:44:241:Infinity":3,"f:251:23:251:29":12,"s:251:29:251:Infinity":50,"b:264:20:272:21:272:20:273:Infinity":4,"f:269:31:269:37":13,"s:269:37:269:Infinity":51,"f:298:28:298:29":14,"s:298:29:300:Infinity":52,"b:333:7:333:Infinity:333:7:337:Infinity":5,"f:336:19:336:25":15,"s:336:25:336:Infinity":53,"b:355:31:355:82:355:82:355:Infinity":6,"b:356:32:356:54:356:54:356:71":7,"b:369:26:377:27:377:26:378:Infinity":8,"f:374:37:374:43":16,"s:374:43:374:Infinity":54,"f:403:32:403:33":17,"s:403:39:403:Infinity":55,"f:404:31:404:37":18,"s:404:37:404:Infinity":56,"f:405:30:405:36":19,"s:405:36:405:Infinity":57,"f:405:47:405:53":20,"s:405:53:405:75":58,"b:414:21:414:Infinity:414:21:420:Infinity":9,"f:416:33:416:39":21,"s:416:39:416:Infinity":59,"f:446:29:446:35":22,"s:446:35:446:Infinity":60,"f:457:31:457:37":23,"s:457:37:457:Infinity":61,"b:465:21:465:Infinity:465:21:485:Infinity":10,"f:501:31:501:37":24,"s:501:37:501:Infinity":62,"b:508:27:508:79:508:79:508:Infinity":11,"b:514:21:514:Infinity:514:21:574:Infinity":12,"b:524:33:524:85:524:85:524:Infinity":13,"b:528:77:528:102:528:102:528:Infinity":14,"b:529:68:529:93:529:93:529:Infinity":15,"b:584:15:584:Infinity:584:15:597:Infinity":16,"f:593:32:593:33":25,"s:593:39:593:Infinity":63,"f:611:19:611:25":26,"s:611:25:611:Infinity":64}}}
,"/home/casio699/projects/kits-Aio/Kitsaiobusinessterminal/src/components/LoadingSpinner.tsx": {"path":"/home/casio699/projects/kits-Aio/Kitsaiobusinessterminal/src/components/LoadingSpinner.tsx","statementMap":{"0":{"start":{"line":4,"column":13},"end":{"line":23,"column":null}},"1":{"start":{"line":5,"column":13},"end":{"line":5,"column":null}},"2":{"start":{"line":7,"column":2},"end":{"line":19,"column":null}},"3":{"start":{"line":25,"column":0},"end":{"line":25,"column":null}}},"fnMap":{"0":{"name":"(anonymous_0)","decl":{"start":{"line":4,"column":57},"end":{"line":4,"column":58}},"loc":{"start":{"line":4,"column":69},"end":{"line":23,"column":null}},"line":4}},"branchMap":{"0":{"loc":{"start":{"line":19,"column":38},"end":{"line":19,"column":null}},"type":"binary-expr","locations":[{"start":{"line":19,"column":38},"end":{"line":19,"column":49}},{"start":{"line":19,"column":49},"end":{"line":19,"column":null}}],"line":19}},"s":{"0":2,"1":14,"2":14,"3":2},"f":{"0":14},"b":{"0":[14,13]},"meta":{"lastBranch":1,"lastFunction":1,"lastStatement":4,"seen":{"s:4:13:23:Infinity":0,"f:4:57:4:58":0,"s:5:13:5:Infinity":1,"s:7:2:19:Infinity":2,"b:19:38:19:49:19:49:19:Infinity":0,"s:25:0:25:Infinity":3}}}
,"/home/casio699/projects/kits-Aio/Kitsaiobusinessterminal/src/components/MobileNavigation.tsx": {"path":"/home/casio699/projects/kits-Aio/Kitsaiobusinessterminal/src/components/MobileNavigation.tsx","statementMap":{"0":{"start":{"line":47,"column":28},"end":{"line":186,"column":null}},"1":{"start":{"line":189,"column":39},"end":{"line":189,"column":null}},"2":{"start":{"line":190,"column":37},"end":{"line":190,"column":null}},"3":{"start":{"line":191,"column":41},"end":{"line":191,"column":null}},"4":{"start":{"line":192,"column":8},"end":{"line":192,"column":null}},"5":{"start":{"line":193,"column":8},"end":{"line":193,"column":null}},"6":{"start":{"line":196,"column":2},"end":{"line":206,"column":null}},"7":{"start":{"line":197,"column":4},"end":{"line":201,"column":null}},"8":{"start":{"line":198,"column":6},"end":{"line":198,"column":null}},"9":{"start":{"line":200,"column":6},"end":{"line":200,"column":null}},"10":{"start":{"line":203,"column":4},"end":{"line":205,"column":null}},"11":{"start":{"line":204,"column":6},"end":{"line":204,"column":null}},"12":{"start":{"line":215,"column":23},"end":{"line":222,"column":null}},"13":{"start":{"line":216,"column":4},"end":{"line":221,"column":null}},"14":{"start":{"line":217,"column":6},"end":{"line":217,"column":null}},"15":{"start":{"line":218,"column":6},"end":{"line":218,"column":null}},"16":{"start":{"line":220,"column":6},"end":{"line":220,"column":null}},"17":{"start":{"line":224,"column":30},"end":{"line":236,"column":null}},"18":{"start":{"line":225,"column":4},"end":{"line":235,"column":null}},"19":{"start":{"line":227,"column":8},"end":{"line":227,"column":null}},"20":{"start":{"line":228,"column":8},"end":{"line":228,"column":null}},"21":{"start":{"line":230,"column":8},"end":{"line":230,"column":null}},"22":{"start":{"line":231,"column":8},"end":{"line":231,"column":null}},"23":{"start":{"line":233,"column":8},"end":{"line":233,"column":null}},"24":{"start":{"line":234,"column":8},"end":{"line":234,"column":null}},"25":{"start":{"line":238,"column":25},"end":{"line":245,"column":null}},"26":{"start":{"line":239,"column":4},"end":{"line":239,"column":null}},"27":{"start":{"line":240,"column":4},"end":{"line":244,"column":null}},"28":{"start":{"line":241,"column":6},"end":{"line":241,"column":null}},"29":{"start":{"line":242,"column":6},"end":{"line":242,"column":null}},"30":{"start":{"line":243,"column":6},"end":{"line":243,"column":null}},"31":{"start":{"line":247,"column":19},"end":{"line":250,"column":null}},"32":{"start":{"line":248,"column":4},"end":{"line":249,"column":null}},"33":{"start":{"line":252,"column":29},"end":{"line":259,"column":null}},"34":{"start":{"line":253,"column":4},"end":{"line":258,"column":null}},"35":{"start":{"line":254,"column":6},"end":{"line":254,"column":null}},"36":{"start":{"line":255,"column":6},"end":{"line":255,"column":null}},"37":{"start":{"line":255,"column":23},"end":{"line":255,"column":47}},"38":{"start":{"line":257,"column":6},"end":{"line":257,"column":null}},"39":{"start":{"line":261,"column":25},"end":{"line":269,"column":null}},"40":{"start":{"line":262,"column":24},"end":{"line":262,"column":null}},"41":{"start":{"line":263,"column":4},"end":{"line":267,"column":null}},"42":{"start":{"line":264,"column":6},"end":{"line":264,"column":null}},"43":{"start":{"line":266,"column":6},"end":{"line":266,"column":null}},"44":{"start":{"line":268,"column":4},"end":{"line":268,"column":null}},"45":{"start":{"line":271,"column":25},"end":{"line":275,"column":null}},"46":{"start":{"line":272,"column":4},"end":{"line":274,"column":null}},"47":{"start":{"line":277,"column":2},"end":{"line":513,"column":null}},"48":{"start":{"line":334,"column":27},"end":{"line":334,"column":36}},"49":{"start":{"line":335,"column":29},"end":{"line":335,"column":null}},"50":{"start":{"line":336,"column":31},"end":{"line":336,"column":null}},"51":{"start":{"line":337,"column":34},"end":{"line":337,"column":null}},"52":{"start":{"line":339,"column":14},"end":{"line":340,"column":null}},"53":{"start":{"line":342,"column":35},"end":{"line":342,"column":null}},"54":{"start":{"line":381,"column":40},"end":{"line":381,"column":52}},"55":{"start":{"line":382,"column":42},"end":{"line":382,"column":null}},"56":{"start":{"line":384,"column":24},"end":{"line":386,"column":null}},"57":{"start":{"line":387,"column":43},"end":{"line":387,"column":null}},"58":{"start":{"line":419,"column":31},"end":{"line":419,"column":null}},"59":{"start":{"line":430,"column":31},"end":{"line":430,"column":null}},"60":{"start":{"line":441,"column":31},"end":{"line":441,"column":null}},"61":{"start":{"line":480,"column":25},"end":{"line":480,"column":34}},"62":{"start":{"line":481,"column":27},"end":{"line":481,"column":null}},"63":{"start":{"line":483,"column":12},"end":{"line":485,"column":null}},"64":{"start":{"line":486,"column":31},"end":{"line":486,"column":null}}},"fnMap":{"0":{"name":"MobileNavigation","decl":{"start":{"line":188,"column":16},"end":{"line":188,"column":null}},"loc":{"start":{"line":188,"column":16},"end":{"line":518,"column":null}},"line":188},"1":{"name":"(anonymous_1)","decl":{"start":{"line":196,"column":12},"end":{"line":196,"column":null}},"loc":{"start":{"line":196,"column":12},"end":{"line":206,"column":5}},"line":196},"2":{"name":"(anonymous_2)","decl":{"start":{"line":203,"column":11},"end":{"line":203,"column":null}},"loc":{"start":{"line":203,"column":11},"end":{"line":205,"column":null}},"line":203},"3":{"name":"(anonymous_3)","decl":{"start":{"line":215,"column":23},"end":{"line":215,"column":null}},"loc":{"start":{"line":215,"column":23},"end":{"line":222,"column":null}},"line":215},"4":{"name":"(anonymous_4)","decl":{"start":{"line":224,"column":30},"end":{"line":224,"column":31}},"loc":{"start":{"line":224,"column":31},"end":{"line":236,"column":null}},"line":224},"5":{"name":"(anonymous_5)","decl":{"start":{"line":238,"column
[...]
,"column":2},"end":{"line":140,"column":null}},{"start":{},"end":{}}],"line":138},"17":{"loc":{"start":{"line":150,"column":2},"end":{"line":150,"column":null}},"type":"if","locations":[{"start":{"line":150,"column":2},"end":{"line":150,"column":null}},{"start":{},"end":{}}],"line":150},"18":{"loc":{"start":{"line":156,"column":2},"end":{"line":158,"column":null}},"type":"if","locations":[{"start":{"line":156,"column":2},"end":{"line":158,"column":null}},{"start":{},"end":{}}],"line":156},"19":{"loc":{"start":{"line":163,"column":2},"end":{"line":163,"column":null}},"type":"if","locations":[{"start":{"line":163,"column":2},"end":{"line":163,"column":null}},{"start":{},"end":{}}],"line":163},"20":{"loc":{"start":{"line":167,"column":2},"end":{"line":169,"column":null}},"type":"if","locations":[{"start":{"line":167,"column":2},"end":{"line":169,"column":null}},{"start":{},"end":{}}],"line":167},"21":{"loc":{"start":{"line":172,"column":2},"end":{"line":172,"column":null}},"type":"if","locations":[{"start":{"line":172,"column":2},"end":{"line":172,"column":null}},{"start":{},"end":{}}],"line":172}},"s":{"0":1,"1":1,"2":1,"3":0,"4":1,"5":0,"6":0,"7":0,"8":0,"9":0,"10":0,"11":0,"12":0,"13":0,"14":0,"15":0,"16":0,"17":0,"18":0,"19":0,"20":0,"21":0,"22":0,"23":0,"24":0,"25":0,"26":0,"27":0,"28":0,"29":0,"30":0,"31":0,"32":0,"33":0,"34":0,"35":0,"36":0,"37":0,"38":0,"39":0,"40":0,"41":0,"42":0,"43":0,"44":0,"45":0,"46":0,"47":0,"48":0,"49":0,"50":0,"51":0,"52":0,"53":0,"54":0,"55":0,"56":0,"57":0,"58":0,"59":0,"60":0,"61":0},"f":{"0":0,"1":0,"2":0,"3":0,"4":0,"5":0,"6":0,"7":0,"8":0,"9":0},"b":{"0":[0,1],"1":[1,0],"2":[0,0],"3":[0,0],"4":[0,0],"5":[0,0],"6":[0,0],"7":[0,0],"8":[0,0],"9":[0,0],"10":[0,0],"11":[0,0],"12":[0,0],"13":[0,0],"14":[0,0],"15":[0,0],"16":[0,0],"17":[0,0],"18":[0,0],"19":[0,0],"20":[0,0],"21":[0,0]},"meta":{"lastBranch":22,"lastFunction":10,"lastStatement":62,"seen":{"s:4:20:4:53":0,"s:5:27:5:73":1,"b:7:0:9:Infinity:undefined:undefined:undefined:undefined":0,"s:7:0:9:Infinity":2,"s:8:2:8:Infinity":3,"s:12:29:17:Infinity":4,"b:12:29:17:5:17:5:17:Infinity":1,"f:20:22:20:34":0,"b:21:2:23:Infinity:undefined:undefined:undefined:undefined":2,"s:21:2:23:Infinity":5,"s:22:4:22:Infinity":6,"s:24:26:30:Infinity":7,"b:32:2:32:Infinity:undefined:undefined:undefined:undefined":3,"s:32:2:32:Infinity":8,"s:32:13:32:Infinity":9,"s:33:2:33:Infinity":10,"f:36:22:36:40":1,"b:37:2:39:Infinity:undefined:undefined:undefined:undefined":4,"s:37:2:39:Infinity":11,"s:38:4:38:Infinity":12,"s:40:26:45:Infinity":13,"b:47:2:47:Infinity:undefined:undefined:undefined:undefined":5,"s:47:2:47:Infinity":14,"s:47:13:47:Infinity":15,"s:48:2:48:Infinity":16,"f:51:22:51:34":2,"b:60:2:62:Infinity:undefined:undefined:undefined:undefined":6,"s:60:2:62:Infinity":17,"s:61:4:61:Infinity":18,"s:63:26:71:Infinity":19,"b:73:2:73:Infinity:undefined:undefined:undefined:undefined":7,"s:73:2:73:Infinity":20,"s:73:13:73:Infinity":21,"s:74:2:74:Infinity":22,"f:77:22:77:34":3,"b:78:2:80:Infinity:undefined:undefined:undefined:undefined":8,"s:78:2:80:Infinity":23,"s:79:4:79:Infinity":24,"s:81:20:84:Infinity":25,"b:86:2:86:Infinity:undefined:undefined:undefined:undefined":9,"s:86:2:86:Infinity":26,"s:86:13:86:Infinity":27,"f:89:22:89:40":4,"b:90:2:92:Infinity:undefined:undefined:undefined:undefined":10,"s:90:2:92:Infinity":28,"s:91:4:91:Infinity":29,"s:93:26:101:Infinity":30,"b:103:2:103:Infinity:undefined:undefined:undefined:undefined":11,"s:103:2:103:Infinity":31,"s:103:13:103:Infinity":32,"s:104:2:104:Infinity":33,"f:107:22:107:42":5,"b:108:2:110:Infinity:undefined:undefined:undefined:undefined":12,"s:108:2:110:Infinity":34,"s:109:4:109:Infinity":35,"s:111:20:115:Infinity":36,"b:117:2:117:Infinity:undefined:undefined:undefined:undefined":13,"s:117:2:117:Infinity":37,"s:117:13:117:Infinity":38,"f:120:22:120:36":6,"b:121:2:123:Infinity:undefined:undefined:undefined:undefined":14,"s:121:2:123:Infinity":39,"s:122:4:122:Infinity":40,"s:124:26:131:Infinity":41,"b:133:2:133:Infinity:undefined:undefined:undefined:undefined":15,"s:133:2:133:Infinity":42,"s:133:13:133:Infinity":43,"s:134:2:134:Infinity":44,"f:137:22:137:36":7,"b:138:2:140:Infinity:undefined:undefined:undefined:undefined":16,"s:138:2:140:Infinity":45,"s:139:4:139:Infinity":46,"s:141:26:148:Infinity":47,"b:150:2:150:Infinity:undefined:undefined:undefined:undefined":17,"s:150:2:150:Infinity":48,"s:150:13:150:Infinity":49,"s:151:2:151:Infinity":50,"f:155:22:155:38":8,"b:156:2:158:Infinity:undefined:undefined:undefined:undefined":18,"s:156:2:158:Infinity":51,"s:157:4:157:Infinity":52,"s:159:20:161:Infinity":53,"b:163:2:163:Infinity:undefined:undefined:undefined:undefined":19,"s:163:2:163:Infinity":54,"s:163:13:163:Infinity":55,"f:166:22:166:Infinity":9,"b:167:2:169:Infinity:undefined:undefined:undefined:undefined":20,"s:167:2:169:Infinity":56,"s:168:4:168:Infinity":57,"s:170:26:170:Infinity":58,"b:172:2:172:Infinity:undefined:undefined:undefined:undefined":21,"s:172:2:172:Infinity":59,"s:172:13:172:Infinity":60,"s:173:2:173:Infinity":61}}}
,"/home/casio699/projects/kits-Aio/Kitsaiobusinessterminal/src/utils/transactionManager.ts": {"path":"/home/casio699/projects/kits-Aio/Kitsaiobusinessterminal/src/utils/transactionManager.ts","statementMap":{"0":{"start":{"line":23,"column":4},"end":{"line":23,"column":null}},"1":{"start":{"line":24,"column":4},"end":{"line":24,"column":null}},"2":{"start":{"line":25,"column":27},"end":{"line":25,"column":29}},"3":{"start":{"line":27,"column":4},"end":{"line":65,"column":null}},"4":{"start":{"line":28,"column":6},"end":{"line":50,"column":null}},"5":{"start":{"line":28,"column":19},"end":{"line":28,"column":22}},"6":{"start":{"line":29,"column":26},"end":{"line":29,"column":39}},"7":{"start":{"line":30,"column":8},"end":{"line":30,"column":null}},"8":{"start":{"line":30,"column":24},"end":{"line":30,"column":null}},"9":{"start":{"line":32,"column":23},"end":{"line":32,"column":null}},"10":{"start":{"line":34,"column":8},"end":{"line":47,"column":null}},"11":{"start":{"line":35,"column":10},"end":{"line":40,"column":null}},"12":{"start":{"line":42,"column":10},"end":{"line":46,"column":null}},"13":{"start":{"line":49,"column":8},"end":{"line":49,"column":null}},"14":{"start":{"line":52,"column":6},"end":{"line":55,"column":null}},"15":{"start":{"line":57,"column":6},"end":{"line":57,"column":null}},"16":{"start":{"line":58,"column":6},"end":{"line":58,"column":null}},"17":{"start":{"line":59,"column":6},"end":{"line":64,"column":null}},"18":{"start":{"line":69,"column":4},"end":{"line":82,"column":null}},"19":{"start":{"line":71,"column":8},"end":{"line":71,"column":null}},"20":{"start":{"line":73,"column":8},"end":{"line":73,"column":null}},"21":{"start":{"line":75,"column":8},"end":{"line":75,"column":null}},"22":{"start":{"line":77,"column":8},"end":{"line":77,"column":null}},"23":{"start":{"line":79,"column":8},"end":{"line":79,"column":null}},"24":{"start":{"line":81,"column":8},"end":{"line":81,"column":null}},"25":{"start":{"line":86,"column":4},"end":{"line":95,"column":null}},"26":{"start":{"line":88,"column":8},"end":{"line":88,"column":null}},"27":{"start":{"line":90,"column":8},"end":{"line":90,"column":null}},"28":{"start":{"line":92,"column":8},"end":{"line":92,"column":null}},"29":{"start":{"line":94,"column":8},"end":{"line":94,"column":null}},"30":{"start":{"line":99,"column":4},"end":{"line":104,"column":null}},"31":{"start":{"line":101,"column":8},"end":{"line":101,"column":null}},"32":{"start":{"line":103,"column":8},"end":{"line":103,"column":null}},"33":{"start":{"line":108,"column":4},"end":{"line":117,"column":null}},"34":{"start":{"line":110,"column":8},"end":{"line":110,"column":null}},"35":{"start":{"line":112,"column":8},"end":{"line":112,"column":null}},"36":{"start":{"line":114,"column":8},"end":{"line":114,"column":null}},"37":{"start":{"line":116,"column":8},"end":{"line":116,"column":null}},"38":{"start":{"line":121,"column":4},"end":{"line":130,"column":null}},"39":{"start":{"line":123,"column":8},"end":{"line":123,"column":null}},"40":{"start":{"line":125,"column":8},"end":{"line":125,"column":null}},"41":{"start":{"line":127,"column":8},"end":{"line":127,"column":null}},"42":{"start":{"line":129,"column":8},"end":{"line":129,"column":null}},"43":{"start":{"line":134,"column":4},"end":{"line":141,"column":null}},"44":{"start":{"line":136,"column":8},"end":{"line":138,"column":null}},"45":{"start":{"line":140,"column":8},"end":{"line":140,"column":null}},"46":{"start":{"line":145,"column":31},"end":{"line":145,"column":null}},"47":{"start":{"line":147,"column":4},"end":{"line":153,"column":null}},"48":{"start":{"line":148,"column":6},"end":{"line":152,"column":null}},"49":{"start":{"line":149,"column":8},"end":{"line":149,"column":null}},"50":{"start":{"line":151,"column":8},"end":{"line":151,"column":null}},"51":{"start":{"line":157,"column":47},"end":{"line":163,"column":null}},"52":{"start":{"line":165,"column":4},"end":{"line":181,"column":null}},"53":{"start":{"line":166,"column":22},"end":{"line":166,"column":null}},"54":{"start":{"line":166,"column":41},"end":{"line":166,"column":64}},"55":{"start":{"line":167,"column":6},"end":{"line":180,"column":null}},"56":{"start":{"line":168,"column":24},"end":{"line":168,"column":null}},"57":{"start":{"line":168,"column":51},"end":{"line":168,"column":74}},"58":{"start":{"line":169,"column":8},"end":{"line":179,"column":null}},"59":{"start":{"line":170,"column":10},"end":{"line":178,"column":null}},"60":{"start":{"line":183,"column":4},"end":{"line":193,"column":null}},"61":{"start":{"line":184,"column":6},"end":{"line":192,"column":null}},"62":{"start":{"line":195,"column":4},"end":{"line":195,"column":null}},"63":{"start":{"line":199,"column":47},"end":{"line":203,"column":null}},"64":{"start":{"line":199,"column":70},"end":{"line":203,"column":null}},"65":{"start":{"line":205,"column":4},"end":{"line":205,"column":null}},"66":{"start":{"line":19,"column":2},"end":{"line":19,"column":null}},"67":{"start":{"line":20,"column":2},"end":{"line":20,"column":null}}},"fnMap":{"0":{"name":"_define_property","decl":{"start":{"line":1,"column":0},"end":{"line":1,"column":null}},"loc":{"start":{"line":1,"column":0},"end":{"line":1,"column":null}},"line":1},"1":{"name":"(anonymous_1)","decl":{"start":{"line":22,"column":15},"end":{"line":22,"column":34}},"loc":{"start":{"line":22,"column":98},"end":{"line":66,"column":null}},"line":22},"2":{"name":"(anonymous_2)","decl":{"start":{"line":68,"column":23},"end":{"line":68,"column":40}},"loc":{"start":{"line":68,"column":87},"end":{"line":83,"column":null}},"line":68},"3":{"name":"(anonymous_3)","decl":{"start":{"line":85,"column":23},"end":{"line":85,"column":47}},"loc":{"start":{"line":85,"column":94},"end":{"line":96,"column":null}},"line":85},"4":{"name":"(anonymous_4)","decl":{"start":{"line":98,"column":23},"end":{"line":98,"column":44}},"loc":{"start":{"line":98,"column":91},"end":{"line":105,"column":null}},"line":98},"5":{"name":"(anonymous_5)","decl":{"start":{"line":107,"column":23},"end":{"line":107,"column":48}},"loc":{"start":{"line":107,"column":95},"end":{"line":118,"column":null}},"line":107},"6":{"name":"(anonymous_6)","decl":{"start":{"line":120,"column":23},"end":{"line":120,"column":48}},"loc":{"start":{"line":120,"column":95},"end":{"line":131,"column":null}},"line":120},"7":{"name":"(anonymous_7)","decl":{"start":{"line":133,"column":23},"end":{"line":133,"column":45}},"loc":{"start":{"line":133,"column":92},"end":{"line":142,"column":null}},"line":133},"8":{"name":"(anonymous_8)","decl":{"start":{"line":144,"column":23},"end":{"line":144,"column":49}},"loc":{"start":{"line":144,"column":49},"end":{"line":154,"column":null}},"line":144},"9":{"name":"(anonymous_9)","decl":{"start":{"line":156,"column":15},"end":{"line":156,"column":38}},"loc":{"start":{"line":156,"column":102},"end":{"line":196,"column":null}},"line":156},"10":{"name":"(anonymous_10)","decl":{"start":{"line":166,"column":36},"end":{"line":166,"column":41}},"loc":{"start":{"line":166,"column":41},"end":{"line":166,"column":64}},"line":166},"11":{"name":"(anonymous_11)","decl":{"start":{"line":168,"column":46},"end":{"line":168,"column":51}},"loc":{"start":{"line":168,"column":51},"end":{"line":168,"column":74}},"line":168},"12":{"name":"(anonymous_12)","decl":{"start":{"line":198,"column":15},"end":{"line":198,"column":38}},"loc":{"start":{"line":198,"column":140},"end":{"line":206,"column":null}},"line":198},"13":{"name":"(anonymous_13)","decl":{"start":{"line":199,"column":59},"end":{"line":199,"column":70}},"loc":{"start":{"line":199,"column":70},"end":{"line":203,"column":null}},"line":199}},"branchMap":{"0":{"loc":{"start":{"line":30,"column":8},"end":{"line":30,"column":null}},"type":"if","locations":[{"start":{"line":30,"column":8},"end":{"line":30,"column":null}},{"start":{},"end":{}}],"line":30},"1":{"loc":{"start":{"line":34,"column":8},"end":{"line":47,"column":null}},"type":"if","locations":[{"start":{"line":34,"column":8},"end":{"line":47,"column":null}},{"start":{"line":41,"column":15},"end":{"line":47,"column":null}}],"line":34},"2":{"loc":{"start":{"line":36,"column":23},"end":{"line":36,"column":null}},"type":"cond-expr","locations":[{"start":{"line":36,"column":53},"end":{"line":36,"column":64}},{"start":{"line":36,"column":64},"end":{"line":36,"column":null}}],"line":36},"3":{"loc":{"start":{"line":63,"column":15},"end":{"line":63,"column":null}},"type":"cond-expr","locations":[{"start":{"line":63,"column":40},"end":{"line":63,"column":53}},{"start":{"line":63,"column":56},"end":{"line":63,"column":null}}],"line":63},"4":{"loc":{"start":{"line":69,"column":4},"end":{"line":82,"column":null}},"type":"switch","locations":[{"start":{"line":70,"column":6},"end":{"line":71,"column":null}},{"start":{"line":72,"column":6},"end":{"line":73,"column":null}},{"start":{"line":74,"column":6},"end":{"line":75,"column":null}},{"start":{"line":76,"column":6},"end":{"line":77,"column":null}},{"start":{"line":78,"column":6},"end":{"line":79,"column":null}},{"start":{"line":80,"column":6},"end":{"line":81,"column":null}}],"line":69},"5":{"loc":{"start":{"line":86,"column":4},"end":{"line":95,"column":null}},"type":"switch","locations":[{"start":{"line":87,"column":6},"end":{"line":88,"column":null}},{"start":{"line":89,"column":6},"end":{"line":90,"column":null}},{"start":{"line":91,"column":6},"end":{"line":92,"column":null}},{"start":{"line":93,"column":6},"end":{"line":94,"column":null}}],"line":86},"6":{"loc":{"start":{"line":99,"column":4},"end":{"line":104,"column":null}},"type":"switch","locations":[{"start":{"line":100,"column":6},"end":{"line":101,"column":null}},{"start":{"line":102,"column":6},"end":{"line":103,"column":null}}],"line":99},"7":{"loc":{"start":{"line":108,"column":4},"end":{"line":117,"column":null}},"type":"switch","locations":[{"start":{"line":109,"column":6},"end":{"line":110,"column":null}},{"start":{"line":111,"column":6},"end":{"line":112,"column":null}},{"start":{"line":113,"column":6},"end":{"line":114,"column":null}},{"start":{"line":115,"column":6},"end":{"line":116,"column":null}}],"line":108},"8":{"loc":{"start":{"line":121,"column":4},"end":{"line":130,"column":null}},"type":"switch","locations":[{"start":{"line":122,"column":6},"end":{"line":123,"column":null}},{"start":{"line":124,"column":6},"end":{"line":125,"column":null}},{"start":{"line":126,"column":6},"end":{"line":127,"column":null}},{"start":{"line":128,"column":6},"end":{"line":129,"column":null}}],"line":121},"9":{"loc":{"start":{"line":134,"column":4},"end":{"line":141,"column":null}},"type":"switch","locations":[{"start":{"line":135,"column":6},"end":{"line":138,"column":null}},{"start":{"line":139,"column":6},"end":{"line":140,"column":null}}],"line":134},"10":{"loc":{"start":{"line":167,"column":6},"end":{"line":180,"column":null}},"type":"if","locations":[{"start":{"line":167,"column":6},"end":{"line":180,"column":null}},{"start":{},"end":{}}],"line":167},"11":{"loc":{"start":{"line":169,"column":8},"end":{"line":179,"column":null}},"type":"if","locations":[{"start":{"line":169,"column":8},"end":{"line":179,"column":null}},{"start":{},"end":{}}],"line":169},"12":{"loc":{"start":{"line":183,"column":4},"end":{"line":193,"column":null}},"type":"if","locations":[{"start":{"line":183,"column":4},"end":{"line":193,"column":null}},{"start":{},"end":{}}],"line":183}},"s":{"0":0,"1":0,"2":0,"3":0,"4":0,"5":0,"6":0,"7":0,"8":0,"9":0,"10":0,"11":0,"12":0,"13":0,"14":0,"15":0,"16":0,"17":0,"18":0,"19":0,"20":0,"21":0,"22":0,"23":0,"24":0,"25":0,"26":0,"27":0,"28":0,"29":0,"30":0,"31":0,"32":0,"33":0,"34":0,"35":0,"36":0,"37":0,"38":0,"39":0,"40":0,"41":0,"42":0,"43":0,"44":0,"45":0,"46":0,"47":0,"48":0,"49":0,"50":0,"51":0,"52":0,"53":0,"54":0,"55":0,"56":0,"57":0,"58":0,"59":0,"60":0,"61":0,"62":0,"63":0,"64":0,"65":0,"66":6,"67":6},"f":{"0":12,"1":6,"2":6,"3":6,"4":6,"5":6,"6":6,"7":6,"8":6,"9":6,"10":0,"11":0,"12":6,"13":0},"b":{"0":[0,0],"1":[0,0],"2":[0,0],"3":[0,0],"4":[0,0,0,0,0,0],"5":[0,0,0,0],"6":[0,0],"7":[0,0,0,0],"8":[0,0,0,0],"9":[0,0],"10":[0,0],"11":[0,0],"12":[0,0]},"meta":{"lastBranch":13,"lastFunction":14,"lastStatement":68,"seen":{"f:1:0:1:Infinity":0,"f:22:15:22:34":1,"s:23:4:23:Infinity":0,"s:24:4:24:Infinity":1,"s:25:27:25:29":2,"s:27:4:65:Infinity":3,"s:28:6:50:Infinity":4,"s:28:19:28:22":5,"s:29:26:29:39":6,"b:30:8:30:Infinity:undefined:undefined:undefined:undefined":0,"s:30:8:30:Infinity":7,"s:30:24:30:Infinity":8,"s:32:23:32:Infinity":9,"b:34:8:47:Infinity:41:15:47:Infinity":1,"s:34:8:47:Infinity":10,"s:35:10:40:Infinity":11,"b:36:53:36:64:36:64:36:Infinity":2,"s:42:10:46:Infinity":12,"s:49:8:49:Infinity":13,"s:52:6:55:Infinity":14,"s:57:6:57:Infinity":15,"s:58:6:58:Infinity":16,"s:59:6:64:Infinity":17,"b:63:40:63:53:63:56:63:Infinity":3,"f:68:23:68:40":2,"b:70:6:71:Infinity:72:6:73:Infinity:74:6:75:Infinity:76:6:77:Infinity:78:6:79:Infinity:80:6:81:Infinity":4,"s:69:4:82:Infinity":18,"s:71:8:71:Infinity":19,"s:73:8:73:Infinity":20,"s:75:8:75:Infinity":21,"s:77:8:77:Infinity":22,"s:79:8:79:Infinity":23,"s:81:8:81:Infinity":24,"f:85:23:85:47":3,"b:87:6:88:Infinity:89:6:90:Infinity:91:6:92:Infinity:93:6:94:Infinity":5,"s:86:4:95:Infinity":25,"s:88:8:88:Infinity":26,"s:90:8:90:Infinity":27,"s:92:8:92:Infinity":28,"s:94:8:94:Infinity":29,"f:98:23:98:44":4,"b:100:6:101:Infinity:102:6:103:Infinity":6,"s:99:4:104:Infinity":30,"s:101:8:101:Infinity":31,"s:103:8:103:Infinity":32,"f:107:23:107:48":5,"b:109:6:110:Infinity:111:6:112:Infinity:113:6:114:Infinity:115:6:116:Infinity":7,"s:108:4:117:Infinity":33,"s:110:8:110:Infinity":34,"s:112:8:112:Infinity":35,"s:114:8:114:Infinity":36,"s:116:8:116:Infinity":37,"f:120:23:120:48":6,"b:122:6:123:Infinity:124:6:125:Infinity:126:6:127:Infinity:128:6:129:Infinity":8,"s:121:4:130:Infinity":38,"s:123:8:123:Infinity":39,"s:125:8:125:Infinity":40,"s:127:8:127:Infinity":41,"s:129:8:129:Infinity":42,"f:133:23:133:45":7,"b:135:6:138:Infinity:139:6:140:Infinity":9,"s:134:4:141:Infinity":43,"s:136:8:138:Infinity":44,"s:140:8:140:Infinity":45,"f:144:23:144:49":8,"s:145:31:145:Infinity":46,"s:147:4:153:Infinity":47,"s:148:6:152:Infinity":48,"s:149:8:149:Infinity":49,"s:151:8:151:Infinity":50,"f:156:15:156:38":9,"s:157:47:163:Infinity":51,"s:165:4:181:Infinity":52,"s:166:22:166:Infinity":53,"f:166:36:166:41":10,"s:166:41:166:64":54,"b:167:6:180:Infinity:undefined:undefined:undefined:undefined":10,"s:167:6:180:Infinity":55,"s:168:24:168:Infinity":56,"f:168:46:168:51":11,"s:168:51:168:74":57,"b:169:8:179:Infinity:undefined:undefined:undefined:undefined":11,"s:169:8:179:Infinity":58,"s:170:10:178:Infinity":59,"b:183:4:193:Infinity:undefined:undefined:undefined:undefined":12,"s:183:4:193:Infinity":60,"s:184:6:192:Infinity":61,"s:195:4:195:Infinity":62,"f:198:15:198:38":12,"s:199:47:203:Infinity":63,"f:199:59:199:70":13,"s:199:70:203:Infinity":64,"s:205:4:205:Infinity":65,"s:19:2:19:Infinity":66,"s:20:2:20:Infinity":67}}}
}
